Power Unit: W
PDB Frame : /stim#0/frame#0
-------------------------------------------------------------------------------------------------------------
Cells Pct_cells     Leakage     Internal   Switching       Total Lvl Instance                                
-------------------------------------------------------------------------------------------------------------
28193   100.00% 1.25386e-03  1.27722e-03 3.35708e-04 2.86679e-03   0 /MCU                                    
13872    49.20% 1.84672e-04  7.26187e-04 2.68167e-04 1.17903e-03   1 /MCU/core                               
10281    36.47% 1.43240e-04  5.29270e-04 2.22083e-04 8.94593e-04   2 /MCU/core/datapath_inst                 
 6960    24.69% 9.24070e-05  2.40410e-04 1.37691e-04 4.70508e-04   3 /MCU/core/datapath_inst/mainalu         
 1296     4.60% 1.56953e-05  4.90106e-05 1.17036e-05 7.64094e-05   4 /MCU/core/datapath_inst/mainalu/divider 
 2723     9.66% 4.28972e-05  2.48772e-04 1.43488e-05 3.06018e-04   3 /MCU/core/datapath_inst/rf              
   77     0.27% 7.15852e-07  2.88533e-06 1.54096e-06 5.14215e-06   3 /MCU/core/datapath_inst/loadextender    
   45     0.16% 4.52972e-07  1.38539e-06 8.78363e-07 2.71672e-06   3 /MCU/core/datapath_inst/storeextender   
   43     0.15% 4.12979e-07  9.42441e-07 1.07458e-06 2.43000e-06   3 /MCU/core/datapath_inst/ext             
 1383     4.91% 1.48128e-05  5.76428e-05 1.12840e-05 8.37396e-05   2 /MCU/core/irq_handler_inst              
  474     1.68% 7.91240e-06  4.60164e-05 2.79257e-06 5.67213e-05   2 /MCU/core/csr_unit_inst                 
  257     0.91% 1.98693e-06  3.84703e-06 3.05284e-06 8.88679e-06   2 /MCU/core/controller_inst               
  253     0.90% 1.94217e-06  3.73644e-06 3.01848e-06 8.69709e-06   3 /MCU/core/controller_inst/md            
    3     0.01% 3.34784e-08  1.00991e-07 3.39209e-08 1.68390e-07   3 /MCU/core/controller_inst/bval          
    2     0.01% 1.96128e-08  1.73741e-07 7.13500e-06 7.32835e-06   2 /MCU/core/cg_clk_cpu                    
  213     0.76% 1.75121e-06  3.12626e-06 2.23335e-06 7.11082e-06   2 /MCU/core/c_dec_inst                    
    2     0.01% 1.86499e-08  3.03196e-07 8.32400e-09 3.30170e-07   2 /MCU/core/cg_insret                     
 3170    11.24% 4.96489e-05  6.74543e-05 2.69785e-05 1.44082e-04   1 /MCU/npu0                               
 1617     5.74% 2.76263e-05  4.62377e-05 2.32192e-05 9.70831e-05   2 /MCU/npu0/NPU_FPMAC                     
  975     3.46% 1.48399e-05  0.00000e+00 0.00000e+00 1.48399e-05   2 /MCU/npu0/NPU_FPSIGMOID                 
    2     0.01% 1.93208e-08  1.81323e-07 3.69783e-07 5.70427e-07   2 /MCU/npu0/NPU_CLK_CG                    
    2     0.01% 1.89088e-08  2.18274e-07 2.87360e-07 5.24542e-07   2 /MCU/npu0/MAC_CLK_CG                    
    2     0.01% 1.91164e-08  2.09268e-07 1.48860e-08 2.43270e-07   2 /MCU/npu0/SRAM_CLK_CG                   
 1351     4.79% 1.64057e-05  5.30580e-05 4.42815e-06 7.38918e-05   1 /MCU/spi0                               
    2     0.01% 1.96589e-08  1.41912e-07 2.19956e-07 3.81527e-07   2 /MCU/spi0/gen_flash.CGFlash             
    2     0.01% 1.85407e-08  2.02884e-07 1.30550e-08 2.34479e-07   2 /MCU/spi0/cg_clk_baud_src               
    2     0.01% 1.82446e-08  2.09073e-07 3.72500e-10 2.27690e-07   2 /MCU/spi0/cg_clk_baud                   
  644     2.28% 7.16215e-06  5.54335e-05 7.55848e-06 7.01541e-05   1 /MCU/adddec0                            
    2     0.01% 1.95590e-08  2.49611e-07 2.19375e-08 2.91108e-07   2 /MCU/adddec0/gen_flash_clk.cg_flash     
    2     0.01% 1.83381e-08  2.30235e-07 1.98660e-08 2.68439e-07   2 /MCU/adddec0/gen_cg_mem[0].cg_mem       
    2     0.01% 1.82632e-08  2.15369e-07 7.64775e-09 2.41280e-07   2 /MCU/adddec0/gen_cg_mem[1].cg_mem       
    2     0.01% 1.82513e-08  2.12363e-07 2.18400e-09 2.32798e-07   2 /MCU/adddec0/gen_cg_periph[0].cg_periph 
    2     0.01% 1.82442e-08  2.09726e-07 1.14800e-09 2.29118e-07   2 /MCU/adddec0/gen_cg_periph[2].cg_periph 
    2     0.01% 1.82464e-08  2.10479e-07 5.70000e-11 2.28782e-07   2 /MCU/adddec0/gen_cg_mem[2].cg_mem       
    2     0.01% 1.82443e-08  2.09836e-07 4.68000e-10 2.28549e-07   2 /MCU/adddec0/gen_cg_periph[1].cg_periph 
    2     0.01% 1.82442e-08  2.09727e-07 5.26000e-10 2.28498e-07   2 /MCU/adddec0/gen_cg_periph[4].cg_periph 
    2     0.01% 1.82442e-08  2.09739e-07 4.16000e-10 2.28399e-07   2 /MCU/adddec0/gen_cg_periph[8].cg_periph 
    2     0.01% 1.82426e-08  2.09156e-07 0.00000e+00 2.27399e-07   2 /MCU/adddec0/gen_cg_periph[9].cg_periph 
    2     0.01% 1.82426e-08  2.09155e-07 0.00000e+00 2.27398e-07   2 /MCU/adddec0/gen_cg_periph[3].cg_periph 
    2     0.01% 1.82426e-08  2.09155e-07 0.00000e+00 2.27398e-07   2 /MCU/adddec0/gen_cg_periph[5].cg_periph 
    2     0.01% 1.82426e-08  2.09136e-07 0.00000e+00 2.27378e-07   2 /MCU/adddec0/gen_cg_periph[10].cg_periph
    2     0.01% 1.82426e-08  2.09133e-07 0.00000e+00 2.27376e-07   2 /MCU/adddec0/gen_cg_periph[6].cg_periph 
    2     0.01% 1.82426e-08  2.09133e-07 0.00000e+00 2.27375e-07   2 /MCU/adddec0/gen_cg_periph[12].cg_periph
    2     0.01% 1.82425e-08  2.08958e-07 0.00000e+00 2.27201e-07   2 /MCU/adddec0/gen_cg_periph[7].cg_periph 
    2     0.01% 1.82425e-08  2.08958e-07 0.00000e+00 2.27201e-07   2 /MCU/adddec0/gen_cg_periph[11].cg_periph
    2     0.01% 1.82425e-08  2.08958e-07 0.00000e+00 2.27201e-07   2 /MCU/adddec0/gen_cg_periph[13].cg_periph
    2     0.01% 1.82425e-08  2.08958e-07 0.00000e+00 2.27201e-07   2 /MCU/adddec0/gen_cg_periph[14].cg_periph
    2     0.01% 1.82425e-08  2.08958e-07 0.00000e+00 2.27201e-07   2 /MCU/adddec0/gen_cg_periph[15].cg_periph
 1065     3.78% 1.21234e-05  4.03436e-05 2.67549e-06 5.51424e-05   1 /MCU/spi1                               
    2     0.01% 1.85240e-08  2.02101e-07 1.22938e-08 2.32919e-07   2 /MCU/spi1/cg_clk_baud_src               
    2     0.01% 1.82443e-08  2.09052e-07 3.37500e-10 2.27634e-07   2 /MCU/spi1/cg_clk_baud                   
 1161     4.12% 1.51179e-05  1.44428e-05 3.88165e-06 3.34424e-05   1 /MCU/system0                            
   70     0.25% 8.14885e-07  2.12991e-07 1.57216e-06 2.60003e-06   2 /MCU/system0/mclk_div_mux               
   35     0.12% 4.32511e-07  1.62790e-06 1.47115e-08 2.07513e-06   2 /MCU/system0/mclk_mux                   
   37     0.13% 4.37947e-07  1.61772e-06 1.13103e-08 2.06698e-06   2 /MCU/system0/smclk_mux                  
    2     0.01% 1.92065e-08 -6.21785e-08 1.16000e-06 1.11703e-06   2 /MCU/system0/cg_smclk                   
   70     0.25% 8.14935e-07  1.85962e-07 2.16865e-09 1.00307e-06   2 /MCU/system0/smclk_divider_mux          
   40     0.14% 6.85533e-07  0.00000e+00 0.00000e+00 6.85533e-07   2 /MCU/system0/CRC0                       
    2     0.01% 1.96118e-08 -6.21554e-08 5.70000e-07 5.27456e-07   2 /MCU/system0/cg_clk_hfxt                
    2     0.01% 1.90016e-08  1.86029e-07 2.51040e-07 4.56071e-07   2 /MCU/system0/cg_wdt_clk                 
    2     0.01% 1.96431e-08  1.44339e-07 8.56275e-08 2.49609e-07   2 /MCU/system0/cg_unlock                  
    2     0.01% 1.95636e-08  2.75353e-09 2.51541e-09 2.48326e-08   2 /MCU/system0/cg_clk_dco0                
    2     0.01% 1.95636e-08  2.56270e-09 2.51541e-09 2.46417e-08   2 /MCU/system0/cg_clk_dco1                
    2     0.01% 1.96194e-08  2.11133e-09 5.60333e-10 2.22910e-08   2 /MCU/system0/cg_clk_lfxt                
  997     3.54% 1.87113e-05  5.75176e-06 5.52645e-06 2.99895e-05   1 /MCU/afe0                               
  187     0.66% 2.05766e-06  1.75327e-06 5.38901e-06 9.19994e-06   2 /MCU/afe0/adc_fsm                       
  103     0.37% 1.14068e-06  7.29331e-07 1.70875e-06 3.57876e-06   3 /MCU/afe0/adc_fsm/fsm                   
    2     0.01% 1.95102e-08  3.52361e-08 3.36496e-06 3.41971e-06   3 /MCU/afe0/adc_fsm/cg_dsadc              
   82     0.29% 8.97473e-07  9.88704e-07 3.15293e-07 2.20147e-06   3 /MCU/afe0/adc_fsm/counter               
    2     0.01% 1.87031e-08  1.96852e-07 1.60448e-08 2.31600e-07   2 /MCU/afe0/cg_clk_afe                    
 1064     3.77% 1.48601e-05  1.09465e-05 9.69140e-07 2.67757e-05   1 /MCU/timer0                             
   30     0.11% 4.01241e-07  4.60383e-06 1.96622e-08 5.02473e-06   2 /MCU/timer0/clk_mux                     
    2     0.01% 1.96685e-08  5.52640e-09 3.41250e-09 2.86074e-08   2 /MCU/timer0/clock_gate_divider          
    2     0.01% 1.85172e-08  7.79470e-09 3.91833e-10 2.67037e-08   2 /MCU/timer0/clock_gate_timer            
 1067     3.78% 1.48542e-05  1.09291e-05 9.72628e-07 2.67559e-05   1 /MCU/timer1                             
   30     0.11% 4.01241e-07  4.60383e-06 1.96622e-08 5.02473e-06   2 /MCU/timer1/clk_mux                     
    2     0.01% 1.96685e-08  5.52640e-09 3.41250e-09 2.86074e-08   2 /MCU/timer1/clock_gate_divider          
    2     0.01% 1.85172e-08  7.76098e-09 2.76588e-10 2.65548e-08   2 /MCU/timer1/clock_gate_timer            
  713     2.53% 8.08330e-06  1.43605e-05 1.52214e-06 2.39659e-05   1 /MCU/i2c0                               
  115     0.41% 1.19589e-06  8.29727e-06 7.58982e-07 1.02521e-05   2 /MCU/i2c0/CGMaster                      
    2     0.01% 1.96160e-08  1.51780e-07 1.20385e-07 2.91782e-07   3 /MCU/i2c0/CGMaster/CG0                  
    2     0.01% 1.93590e-08  4.51208e-08 9.52438e-08 1.59724e-07   3 /MCU/i2c0/CGMaster/CG1                  
  704     2.50% 8.08548e-06  1.38866e-05 1.49442e-06 2.34665e-05   1 /MCU/i2c1                               
  115     0.41% 1.19981e-06  8.32422e-06 7.60425e-07 1.02845e-05   2 /MCU/i2c1/CGMaster                      
    2     0.01% 1.96167e-08  1.51623e-07 1.20500e-07 2.91740e-07   3 /MCU/i2c1/CGMaster/CG0                  
    2     0.01% 1.93623e-08  4.50028e-08 9.56953e-08 1.60060e-07   3 /MCU/i2c1/CGMaster/CG1                  
  212     0.75% 2.54849e-06  1.41957e-05 2.63363e-06 1.93778e-05   1 /MCU/saradc0                            
  347     1.23% 4.87640e-06  4.81167e-06 1.81808e-06 1.15062e-05   1 /MCU/gpio0                              
    2     0.01% 1.87020e-08  9.84427e-08 2.96375e-09 1.20108e-07   2 /MCU/gpio0/gen_if_clks[3].CGClkIFG      
    2     0.01% 1.88400e-08  1.92260e-08 7.93125e-10 3.88591e-08   2 /MCU/gpio0/gen_if_clks[1].CGClkIFG      
    2     0.01% 1.88400e-08  1.92260e-08 7.93125e-10 3.88591e-08   2 /MCU/gpio0/gen_if_clks[2].CGClkIFG      
    2     0.01% 1.91874e-08  1.77441e-09 1.36875e-10 2.10987e-08   2 /MCU/gpio0/gen_if_clks[4].CGClkIFG      
    2     0.01% 1.91874e-08  1.77441e-09 1.36875e-10 2.10987e-08   2 /MCU/gpio0/gen_if_clks[5].CGClkIFG      
    2     0.01% 1.91874e-08  1.77441e-09 1.36875e-10 2.10987e-08   2 /MCU/gpio0/gen_if_clks[6].CGClkIFG      
    2     0.01% 1.91874e-08  1.77441e-09 1.36875e-10 2.10987e-08   2 /MCU/gpio0/gen_if_clks[7].CGClkIFG      
    2     0.01% 1.95351e-08  0.00000e+00 0.00000e+00 1.95351e-08   2 /MCU/gpio0/gen_if_clks[0].CGClkIFG      
  351     1.24% 4.81431e-06  4.36902e-06 1.79005e-06 1.09734e-05   1 /MCU/gpio3                              
    2     0.01% 1.87020e-08  3.93771e-08 1.18550e-09 5.92646e-08   2 /MCU/gpio3/gen_if_clks[3].CGClkIFG      
    2     0.01% 1.87031e-08  3.93704e-08 1.18850e-09 5.92619e-08   2 /MCU/gpio3/gen_if_clks[1].CGClkIFG      
    2     0.01% 1.88400e-08  1.92260e-08 7.93125e-10 3.88591e-08   2 /MCU/gpio3/gen_if_clks[0].CGClkIFG      
    2     0.01% 1.91549e-08  3.58150e-09 2.61875e-10 2.29983e-08   2 /MCU/gpio3/gen_if_clks[2].CGClkIFG      
    2     0.01% 1.91874e-08  1.77441e-09 1.36875e-10 2.10987e-08   2 /MCU/gpio3/gen_if_clks[4].CGClkIFG      
    2     0.01% 1.91874e-08  1.77441e-09 1.36875e-10 2.10987e-08   2 /MCU/gpio3/gen_if_clks[5].CGClkIFG      
    2     0.01% 1.91874e-08  1.77441e-09 1.36875e-10 2.10987e-08   2 /MCU/gpio3/gen_if_clks[6].CGClkIFG      
    2     0.01% 1.91874e-08  1.77441e-09 1.36875e-10 2.10987e-08   2 /MCU/gpio3/gen_if_clks[7].CGClkIFG      
  344     1.22% 4.78451e-06  4.75648e-06 1.39872e-06 1.09397e-05   1 /MCU/gpio1                              
    2     0.01% 1.87020e-08  9.84427e-08 2.96375e-09 1.20108e-07   2 /MCU/gpio1/gen_if_clks[3].CGClkIFG      
    2     0.01% 1.88400e-08  1.92260e-08 7.93125e-10 3.88591e-08   2 /MCU/gpio1/gen_if_clks[1].CGClkIFG      
    2     0.01% 1.88400e-08  1.92260e-08 7.93125e-10 3.88591e-08   2 /MCU/gpio1/gen_if_clks[2].CGClkIFG      
    2     0.01% 1.88400e-08  1.92260e-08 7.93125e-10 3.88591e-08   2 /MCU/gpio1/gen_if_clks[5].CGClkIFG      
    2     0.01% 1.88400e-08  1.92260e-08 7.93125e-10 3.88591e-08   2 /MCU/gpio1/gen_if_clks[7].CGClkIFG      
    2     0.01% 1.91874e-08  1.77441e-09 1.36875e-10 2.10987e-08   2 /MCU/gpio1/gen_if_clks[4].CGClkIFG      
    2     0.01% 1.91874e-08  1.77441e-09 1.36875e-10 2.10987e-08   2 /MCU/gpio1/gen_if_clks[6].CGClkIFG      
    2     0.01% 1.95351e-08  0.00000e+00 0.00000e+00 1.95351e-08   2 /MCU/gpio1/gen_if_clks[0].CGClkIFG      
  343     1.22% 4.71117e-06  3.68416e-06 1.46504e-06 9.86037e-06   1 /MCU/gpio2                              
    2     0.01% 1.91874e-08  1.77441e-09 1.36875e-10 2.10987e-08   2 /MCU/gpio2/gen_if_clks[0].CGClkIFG      
    2     0.01% 1.91874e-08  1.77441e-09 1.36875e-10 2.10987e-08   2 /MCU/gpio2/gen_if_clks[1].CGClkIFG      
    2     0.01% 1.91874e-08  1.77441e-09 1.36875e-10 2.10987e-08   2 /MCU/gpio2/gen_if_clks[2].CGClkIFG      
    2     0.01% 1.91874e-08  1.77441e-09 1.36875e-10 2.10987e-08   2 /MCU/gpio2/gen_if_clks[3].CGClkIFG      
    2     0.01% 1.91874e-08  1.77441e-09 1.36875e-10 2.10987e-08   2 /MCU/gpio2/gen_if_clks[4].CGClkIFG      
    2     0.01% 1.91874e-08  1.77441e-09 1.36875e-10 2.10987e-08   2 /MCU/gpio2/gen_if_clks[5].CGClkIFG      
    2     0.01% 1.91874e-08  1.77441e-09 1.36875e-10 2.10987e-08   2 /MCU/gpio2/gen_if_clks[6].CGClkIFG      
    2     0.01% 1.91874e-08  1.77441e-09 1.36875e-10 2.10987e-08   2 /MCU/gpio2/gen_if_clks[7].CGClkIFG      
  378     1.34% 4.81273e-06  4.49204e-06 4.06576e-07 9.71135e-06   1 /MCU/uart0                              
    2     0.01% 1.87008e-08  1.96925e-07 3.66420e-08 2.52267e-07   2 /MCU/uart0/cgu_baud_clk_src             
    2     0.01% 1.81515e-08  4.93978e-08 0.00000e+00 6.75493e-08   2 /MCU/uart0/cg_clk_baud                  
    2     0.01% 1.81234e-08  0.00000e+00 0.00000e+00 1.81234e-08   2 /MCU/uart0/cg_clk_tx                    
  377     1.34% 4.81573e-06  4.46391e-06 4.04580e-07 9.68422e-06   1 /MCU/uart1                              
    2     0.01% 1.87008e-08  1.96925e-07 3.66420e-08 2.52267e-07   2 /MCU/uart1/cgu_baud_clk_src             
    2     0.01% 1.81515e-08  4.93978e-08 0.00000e+00 6.75493e-08   2 /MCU/uart1/cg_clk_baud                  
    2     0.01% 1.81234e-08  0.00000e+00 0.00000e+00 1.81234e-08   2 /MCU/uart1/cg_clk_tx                    
    1     0.00% 5.04165e-09  0.00000e+00 0.00000e+00 5.04165e-09   1 /MCU/IrqGlitchyZeroTieLow               
-------------------------------------------------------------------------------------------------------------
