============================================================
  Generated by:           Genus(TM) Synthesis Solution 19.15-s090_1
  Generated on:           Nov 22 2025  02:01:16 pm
  Module:                 MCU
  Technology libraries:   USERLIB_nldm_tt_1p00v_1p00v_25c 1.1
                          scadv10_cln65gp_hvt_tt_1p0v_25c 1.0
  Operating conditions:   tt_1p00v_1p00v_25c (balanced_tree)
  Wireload mode:          enclosed
  Area mode:              timing library
============================================================

                                           
        Gate         Instances     Area                  Library              
------------------------------------------------------------------------------
A2DFFQX1MA10TH              34     299.200    scadv10_cln65gp_hvt_tt_1p0v_25c 
A2SDFFQX0P5MA10TH            1      10.800    scadv10_cln65gp_hvt_tt_1p0v_25c 
ADDFX1MA10TH              1407   11818.800    scadv10_cln65gp_hvt_tt_1p0v_25c 
ADDHX1MA10TH               541    2813.200    scadv10_cln65gp_hvt_tt_1p0v_25c 
AND2X0P5MA10TH             180     432.000    scadv10_cln65gp_hvt_tt_1p0v_25c 
AND2X0P7MA10TH               7      16.800    scadv10_cln65gp_hvt_tt_1p0v_25c 
AND2X1MA10TH               237     568.800    scadv10_cln65gp_hvt_tt_1p0v_25c 
AND2X8MA10TH                23     211.600    scadv10_cln65gp_hvt_tt_1p0v_25c 
AND3X0P5MA10TH               8      22.400    scadv10_cln65gp_hvt_tt_1p0v_25c 
AND3X0P7MA10TH               4      11.200    scadv10_cln65gp_hvt_tt_1p0v_25c 
AND3X1MA10TH                34      95.200    scadv10_cln65gp_hvt_tt_1p0v_25c 
AND4X0P5MA10TH              11      35.200    scadv10_cln65gp_hvt_tt_1p0v_25c 
AND4X0P7MA10TH              42     134.400    scadv10_cln65gp_hvt_tt_1p0v_25c 
AO1B2X0P5MA10TH             35      98.000    scadv10_cln65gp_hvt_tt_1p0v_25c 
AO1B2X0P7MA10TH             11      30.800    scadv10_cln65gp_hvt_tt_1p0v_25c 
AO1B2X1MA10TH              138     386.400    scadv10_cln65gp_hvt_tt_1p0v_25c 
AO21BX1MA10TH              148     414.400    scadv10_cln65gp_hvt_tt_1p0v_25c 
AO21BX2MA10TH               41     164.000    scadv10_cln65gp_hvt_tt_1p0v_25c 
AO21X0P5MA10TH              17      54.400    scadv10_cln65gp_hvt_tt_1p0v_25c 
AO21X1MA10TH                73     233.600    scadv10_cln65gp_hvt_tt_1p0v_25c 
AO22X0P5MA10TH              35     140.000    scadv10_cln65gp_hvt_tt_1p0v_25c 
AO22X1MA10TH               412    1648.000    scadv10_cln65gp_hvt_tt_1p0v_25c 
AOI211X0P5MA10TH             7      19.600    scadv10_cln65gp_hvt_tt_1p0v_25c 
AOI211X1MA10TH             227     635.600    scadv10_cln65gp_hvt_tt_1p0v_25c 
AOI211X2MA10TH               1       4.800    scadv10_cln65gp_hvt_tt_1p0v_25c 
AOI21BX0P5MA10TH            15      48.000    scadv10_cln65gp_hvt_tt_1p0v_25c 
AOI21BX0P7MA10TH             3       9.600    scadv10_cln65gp_hvt_tt_1p0v_25c 
AOI21BX1MA10TH              14      44.800    scadv10_cln65gp_hvt_tt_1p0v_25c 
AOI21X0P5MA10TH             18      43.200    scadv10_cln65gp_hvt_tt_1p0v_25c 
AOI21X0P7MA10TH              3       7.200    scadv10_cln65gp_hvt_tt_1p0v_25c 
AOI21X1MA10TH              201     482.400    scadv10_cln65gp_hvt_tt_1p0v_25c 
AOI221X0P5MA10TH            21      75.600    scadv10_cln65gp_hvt_tt_1p0v_25c 
AOI221X1MA10TH             600    2160.000    scadv10_cln65gp_hvt_tt_1p0v_25c 
AOI222X0P5MA10TH             1       4.400    scadv10_cln65gp_hvt_tt_1p0v_25c 
AOI222X1MA10TH             272    1196.800    scadv10_cln65gp_hvt_tt_1p0v_25c 
AOI22X0P5MA10TH            297     831.600    scadv10_cln65gp_hvt_tt_1p0v_25c 
AOI22X0P7MA10TH             34      95.200    scadv10_cln65gp_hvt_tt_1p0v_25c 
AOI22X1MA10TH             2973    8324.400    scadv10_cln65gp_hvt_tt_1p0v_25c 
AOI2XB1X0P5MA10TH           10      32.000    scadv10_cln65gp_hvt_tt_1p0v_25c 
AOI2XB1X1MA10TH             90     288.000    scadv10_cln65gp_hvt_tt_1p0v_25c 
AOI31X0P5MA10TH              7      19.600    scadv10_cln65gp_hvt_tt_1p0v_25c 
AOI31X1MA10TH               96     268.800    scadv10_cln65gp_hvt_tt_1p0v_25c 
AOI32X0P5MA10TH              8      25.600    scadv10_cln65gp_hvt_tt_1p0v_25c 
AOI32X0P7MA10TH              1       3.200    scadv10_cln65gp_hvt_tt_1p0v_25c 
AOI32X1MA10TH              127     406.400    scadv10_cln65gp_hvt_tt_1p0v_25c 
BUFX2MA10TH                  1       2.400    scadv10_cln65gp_hvt_tt_1p0v_25c 
BUFX7P5BA10TH               51     326.400    scadv10_cln65gp_hvt_tt_1p0v_25c 
BUFX9MA10TH                136     924.800    scadv10_cln65gp_hvt_tt_1p0v_25c 
DFFNQX1MA10TH              402    3376.800    scadv10_cln65gp_hvt_tt_1p0v_25c 
DFFNQX2MA10TH                1       8.800    scadv10_cln65gp_hvt_tt_1p0v_25c 
DFFNRPQX1MA10TH             89     854.400    scadv10_cln65gp_hvt_tt_1p0v_25c 
DFFNSQX1MA10TH              10      96.000    scadv10_cln65gp_hvt_tt_1p0v_25c 
DFFQNX0P5MA10TH             15     120.000    scadv10_cln65gp_hvt_tt_1p0v_25c 
DFFQX0P5MA10TH             615    4920.000    scadv10_cln65gp_hvt_tt_1p0v_25c 
DFFQX1MA10TH                13     109.200    scadv10_cln65gp_hvt_tt_1p0v_25c 
DFFQX2MA10TH                 8      70.400    scadv10_cln65gp_hvt_tt_1p0v_25c 
DFFRPQNX1MA10TH            375    3600.000    scadv10_cln65gp_hvt_tt_1p0v_25c 
DFFRPQX1MA10TH            2953   28348.800    scadv10_cln65gp_hvt_tt_1p0v_25c 
DFFRPQX2MA10TH               1      10.400    scadv10_cln65gp_hvt_tt_1p0v_25c 
DFFSQNX1MA10TH               7      70.000    scadv10_cln65gp_hvt_tt_1p0v_25c 
DFFSQX1MA10TH              121    1210.000    scadv10_cln65gp_hvt_tt_1p0v_25c 
DFFSRPQX1MA10TH            166    1992.000    scadv10_cln65gp_hvt_tt_1p0v_25c 
INVX0P5BA10TH               12      14.400    scadv10_cln65gp_hvt_tt_1p0v_25c 
INVX0P5MA10TH              213     255.600    scadv10_cln65gp_hvt_tt_1p0v_25c 
INVX0P6BA10TH              148     177.600    scadv10_cln65gp_hvt_tt_1p0v_25c 
INVX0P7MA10TH              188     225.600    scadv10_cln65gp_hvt_tt_1p0v_25c 
INVX0P8BA10TH               15      18.000    scadv10_cln65gp_hvt_tt_1p0v_25c 
INVX1BA10TH                500     600.000    scadv10_cln65gp_hvt_tt_1p0v_25c 
INVX1MA10TH                995    1194.000    scadv10_cln65gp_hvt_tt_1p0v_25c 
INVX2MA10TH                  6       9.600    scadv10_cln65gp_hvt_tt_1p0v_25c 
INVX3MA10TH                  1       2.400    scadv10_cln65gp_hvt_tt_1p0v_25c 
INVX4MA10TH                  1       2.800    scadv10_cln65gp_hvt_tt_1p0v_25c 
INVX5MA10TH                  1       3.200    scadv10_cln65gp_hvt_tt_1p0v_25c 
INVX7P5BA10TH               16      76.800    scadv10_cln65gp_hvt_tt_1p0v_25c 
INVX7P5MA10TH               13      62.400    scadv10_cln65gp_hvt_tt_1p0v_25c 
LATNQX1MA10TH              128     614.400    scadv10_cln65gp_hvt_tt_1p0v_25c 
LATQX1MA10TH                48     230.400    scadv10_cln65gp_hvt_tt_1p0v_25c 
MXIT2X0P5MA10TH              2       8.000    scadv10_cln65gp_hvt_tt_1p0v_25c 
MXIT2X0P7MA10TH              3      12.000    scadv10_cln65gp_hvt_tt_1p0v_25c 
MXIT2X1MA10TH               42     168.000    scadv10_cln65gp_hvt_tt_1p0v_25c 
MXT2X0P5MA10TH               1       4.400    scadv10_cln65gp_hvt_tt_1p0v_25c 
MXT2X1MA10TH                15      66.000    scadv10_cln65gp_hvt_tt_1p0v_25c 
NAND2BX0P7MA10TH           174     417.600    scadv10_cln65gp_hvt_tt_1p0v_25c 
NAND2BX1MA10TH              97     232.800    scadv10_cln65gp_hvt_tt_1p0v_25c 
NAND2X0P7AA10TH            404     646.400    scadv10_cln65gp_hvt_tt_1p0v_25c 
NAND2X0P7BA10TH            463     740.800    scadv10_cln65gp_hvt_tt_1p0v_25c 
NAND2X1AA10TH              243     388.800    scadv10_cln65gp_hvt_tt_1p0v_25c 
NAND2X1BA10TH             1117    1787.200    scadv10_cln65gp_hvt_tt_1p0v_25c 
NAND2X1MA10TH              740    1184.000    scadv10_cln65gp_hvt_tt_1p0v_25c 
NAND2X2BA10TH               17      47.600    scadv10_cln65gp_hvt_tt_1p0v_25c 
NAND2X3BA10TH                3      12.000    scadv10_cln65gp_hvt_tt_1p0v_25c 
NAND2X6BA10TH                1       6.800    scadv10_cln65gp_hvt_tt_1p0v_25c 
NAND2X8AA10TH               43     395.600    scadv10_cln65gp_hvt_tt_1p0v_25c 
NAND2XBX0P7MA10TH           20      48.000    scadv10_cln65gp_hvt_tt_1p0v_25c 
NAND2XBX1MA10TH            200     480.000    scadv10_cln65gp_hvt_tt_1p0v_25c 
NAND3BX0P5MA10TH            19      53.200    scadv10_cln65gp_hvt_tt_1p0v_25c 
NAND3BX0P7MA10TH             6      16.800    scadv10_cln65gp_hvt_tt_1p0v_25c 
NAND3BX1MA10TH              64     179.200    scadv10_cln65gp_hvt_tt_1p0v_25c 
NAND3X0P5AA10TH             39      93.600    scadv10_cln65gp_hvt_tt_1p0v_25c 
NAND3X0P5MA10TH              1       2.400    scadv10_cln65gp_hvt_tt_1p0v_25c 
NAND3X0P7AA10TH              4       9.600    scadv10_cln65gp_hvt_tt_1p0v_25c 
NAND3X0P7MA10TH              1       2.400    scadv10_cln65gp_hvt_tt_1p0v_25c 
NAND3X1AA10TH               98     235.200    scadv10_cln65gp_hvt_tt_1p0v_25c 
NAND3X1MA10TH              125     300.000    scadv10_cln65gp_hvt_tt_1p0v_25c 
NAND3XXBX1MA10TH            75     210.000    scadv10_cln65gp_hvt_tt_1p0v_25c 
NAND4BX0P5MA10TH             1       3.200    scadv10_cln65gp_hvt_tt_1p0v_25c 
NAND4BX1MA10TH              87     278.400    scadv10_cln65gp_hvt_tt_1p0v_25c 
NAND4X0P5MA10TH             35      98.000    scadv10_cln65gp_hvt_tt_1p0v_25c 
NAND4X0P7AA10TH              2       5.600    scadv10_cln65gp_hvt_tt_1p0v_25c 
NAND4X1AA10TH               84     235.200    scadv10_cln65gp_hvt_tt_1p0v_25c 
NAND4X1MA10TH              290     812.000    scadv10_cln65gp_hvt_tt_1p0v_25c 
NAND4XXXBX0P5MA10TH          7      22.400    scadv10_cln65gp_hvt_tt_1p0v_25c 
NAND4XXXBX1MA10TH           77     246.400    scadv10_cln65gp_hvt_tt_1p0v_25c 
NOR2BX0P7MA10TH             58     139.200    scadv10_cln65gp_hvt_tt_1p0v_25c 
NOR2BX1MA10TH               77     184.800    scadv10_cln65gp_hvt_tt_1p0v_25c 
NOR2BX2MA10TH                2       6.400    scadv10_cln65gp_hvt_tt_1p0v_25c 
NOR2X0P5AA10TH               1       1.600    scadv10_cln65gp_hvt_tt_1p0v_25c 
NOR2X0P5MA10TH             134     214.400    scadv10_cln65gp_hvt_tt_1p0v_25c 
NOR2X0P7AA10TH              45      72.000    scadv10_cln65gp_hvt_tt_1p0v_25c 
NOR2X0P7MA10TH              65     104.000    scadv10_cln65gp_hvt_tt_1p0v_25c 
NOR2X1AA10TH               340     544.000    scadv10_cln65gp_hvt_tt_1p0v_25c 
NOR2X1MA10TH              1081    1729.600    scadv10_cln65gp_hvt_tt_1p0v_25c 
NOR2X1P4MA10TH               1       2.800    scadv10_cln65gp_hvt_tt_1p0v_25c 
NOR2X2AA10TH                19      53.200    scadv10_cln65gp_hvt_tt_1p0v_25c 
NOR2X2MA10TH                13      36.400    scadv10_cln65gp_hvt_tt_1p0v_25c 
NOR2XBX0P7MA10TH            13      31.200    scadv10_cln65gp_hvt_tt_1p0v_25c 
NOR2XBX1MA10TH              83     199.200    scadv10_cln65gp_hvt_tt_1p0v_25c 
NOR2XBX2MA10TH               2       6.400    scadv10_cln65gp_hvt_tt_1p0v_25c 
NOR3X0P5AA10TH              15      36.000    scadv10_cln65gp_hvt_tt_1p0v_25c 
NOR3X0P5MA10TH              33      79.200    scadv10_cln65gp_hvt_tt_1p0v_25c 
NOR3X1AA10TH                21      50.400    scadv10_cln65gp_hvt_tt_1p0v_25c 
NOR3X1MA10TH               148     355.200    scadv10_cln65gp_hvt_tt_1p0v_25c 
NOR3X1P4MA10TH               3      10.800    scadv10_cln65gp_hvt_tt_1p0v_25c 
OA211X0P7MA10TH              6      21.600    scadv10_cln65gp_hvt_tt_1p0v_25c 
OA21X0P5MA10TH               4      12.800    scadv10_cln65gp_hvt_tt_1p0v_25c 
OA21X0P7MA10TH               6      19.200    scadv10_cln65gp_hvt_tt_1p0v_25c 
OA21X1MA10TH                29      92.800    scadv10_cln65gp_hvt_tt_1p0v_25c 
OA22X0P5MA10TH               5      20.000    scadv10_cln65gp_hvt_tt_1p0v_25c 
OA22X1MA10TH                16      64.000    scadv10_cln65gp_hvt_tt_1p0v_25c 
OAI211X0P5MA10TH             5      14.000    scadv10_cln65gp_hvt_tt_1p0v_25c 
OAI211X1MA10TH             295     826.000    scadv10_cln65gp_hvt_tt_1p0v_25c 
OAI21BX0P5MA10TH             1       3.200    scadv10_cln65gp_hvt_tt_1p0v_25c 
OAI21BX0P7MA10TH             6      19.200    scadv10_cln65gp_hvt_tt_1p0v_25c 
OAI21BX1MA10TH              46     147.200    scadv10_cln65gp_hvt_tt_1p0v_25c 
OAI21X0P5MA10TH            138     331.200    scadv10_cln65gp_hvt_tt_1p0v_25c 
OAI21X0P7MA10TH             21      50.400    scadv10_cln65gp_hvt_tt_1p0v_25c 
OAI21X1MA10TH              290     696.000    scadv10_cln65gp_hvt_tt_1p0v_25c 
OAI221X0P5MA10TH            38     152.000    scadv10_cln65gp_hvt_tt_1p0v_25c 
OAI221X1MA10TH             103     412.000    scadv10_cln65gp_hvt_tt_1p0v_25c 
OAI222X0P5MA10TH            16      70.400    scadv10_cln65gp_hvt_tt_1p0v_25c 
OAI222X1MA10TH              69     303.600    scadv10_cln65gp_hvt_tt_1p0v_25c 
OAI22X0P5MA10TH            123     344.400    scadv10_cln65gp_hvt_tt_1p0v_25c 
OAI22X0P7MA10TH             29      81.200    scadv10_cln65gp_hvt_tt_1p0v_25c 
OAI22X1MA10TH             1267    3547.600    scadv10_cln65gp_hvt_tt_1p0v_25c 
OAI2XB1X0P5MA10TH           21      67.200    scadv10_cln65gp_hvt_tt_1p0v_25c 
OAI2XB1X0P7MA10TH            3       9.600    scadv10_cln65gp_hvt_tt_1p0v_25c 
OAI2XB1X1MA10TH             92     294.400    scadv10_cln65gp_hvt_tt_1p0v_25c 
OR2X0P5MA10TH               71     170.400    scadv10_cln65gp_hvt_tt_1p0v_25c 
OR2X1MA10TH                181     434.400    scadv10_cln65gp_hvt_tt_1p0v_25c 
OR2X8MA10TH                  3      33.600    scadv10_cln65gp_hvt_tt_1p0v_25c 
OR3X0P5MA10TH               62     173.600    scadv10_cln65gp_hvt_tt_1p0v_25c 
OR3X1MA10TH                  2       8.000    scadv10_cln65gp_hvt_tt_1p0v_25c 
OR4X0P7MA10TH                5      22.000    scadv10_cln65gp_hvt_tt_1p0v_25c 
OR4X1MA10TH                 10      44.000    scadv10_cln65gp_hvt_tt_1p0v_25c 
OR6X0P5MA10TH               14      72.800    scadv10_cln65gp_hvt_tt_1p0v_25c 
OR6X1MA10TH                 90     468.000    scadv10_cln65gp_hvt_tt_1p0v_25c 
PREICGX0P5BA10TH           324    2332.800    scadv10_cln65gp_hvt_tt_1p0v_25c 
PREICGX1BA10TH             117     842.400    scadv10_cln65gp_hvt_tt_1p0v_25c 
SDFFNQX1MA10TH               2      20.800    scadv10_cln65gp_hvt_tt_1p0v_25c 
SDFFNRPQX1MA10TH             4      46.400    scadv10_cln65gp_hvt_tt_1p0v_25c 
SDFFNSQX1MA10TH              1      12.400    scadv10_cln65gp_hvt_tt_1p0v_25c 
SDFFQNX0P5MA10TH             1      10.000    scadv10_cln65gp_hvt_tt_1p0v_25c 
SDFFQX0P5MA10TH              3      30.000    scadv10_cln65gp_hvt_tt_1p0v_25c 
SDFFQX1MA10TH                1      10.800    scadv10_cln65gp_hvt_tt_1p0v_25c 
SDFFRPQNX0P5MA10TH           3      34.800    scadv10_cln65gp_hvt_tt_1p0v_25c 
SDFFRPQNX1MA10TH            28     324.800    scadv10_cln65gp_hvt_tt_1p0v_25c 
SDFFRPQX0P5MA10TH          147    1705.200    scadv10_cln65gp_hvt_tt_1p0v_25c 
SDFFRPQX1MA10TH            231    2679.600    scadv10_cln65gp_hvt_tt_1p0v_25c 
SDFFSQNX1MA10TH              2      24.800    scadv10_cln65gp_hvt_tt_1p0v_25c 
SDFFSQX1MA10TH               9     111.600    scadv10_cln65gp_hvt_tt_1p0v_25c 
SDFFSRPQX0P5MA10TH           5      70.000    scadv10_cln65gp_hvt_tt_1p0v_25c 
SDFFSRPQX1MA10TH            19     266.000    scadv10_cln65gp_hvt_tt_1p0v_25c 
TIEHIX1MA10TH               14      22.400    scadv10_cln65gp_hvt_tt_1p0v_25c 
TIELOX1MA10TH              456     729.600    scadv10_cln65gp_hvt_tt_1p0v_25c 
XNOR2X0P5MA10TH              6      24.000    scadv10_cln65gp_hvt_tt_1p0v_25c 
XNOR2X0P7MA10TH              8      32.000    scadv10_cln65gp_hvt_tt_1p0v_25c 
XNOR2X1MA10TH              542    2168.000    scadv10_cln65gp_hvt_tt_1p0v_25c 
XNOR3X1MA10TH              443    3366.800    scadv10_cln65gp_hvt_tt_1p0v_25c 
XOR2X0P5MA10TH              36     144.000    scadv10_cln65gp_hvt_tt_1p0v_25c 
XOR2X0P7MA10TH               3      12.000    scadv10_cln65gp_hvt_tt_1p0v_25c 
XOR2X1MA10TH               219     876.000    scadv10_cln65gp_hvt_tt_1p0v_25c 
XOR3X0P5MA10TH               1       7.600    scadv10_cln65gp_hvt_tt_1p0v_25c 
XOR3X1MA10TH                24     182.400    scadv10_cln65gp_hvt_tt_1p0v_25c 
rom_hvt_pg                   1   50879.234    USERLIB_nldm_tt_1p00v_1p00v_25c 
sram1p16k_hvt_pg             2  273562.594    USERLIB_nldm_tt_1p00v_1p00v_25c 
------------------------------------------------------------------------------
total                    28187  447055.828                                    


            Library             Instances    Area    Instances % 
-----------------------------------------------------------------
USERLIB_nldm_tt_1p00v_1p00v_25c         3 324441.828         0.0 
scadv10_cln65gp_hvt_tt_1p0v_25c     28184 122614.000       100.0 

                                                         
            Type             Instances    Area    Area % 
---------------------------------------------------------
timing_model                         3 324441.828   72.6 
sequential                        5443  51288.800   11.5 
inverter                          2109   2642.400    0.6 
buffer                             188   1253.600    0.3 
clock_gating_integrated_cell       441   3175.200    0.7 
unresolved                           6      0.000    0.0 
logic                            20003  64254.000   14.4 
physical_cells                       0      0.000    0.0 
---------------------------------------------------------
total                            28193 447055.828  100.0 

