============================================================
  Generated by:           Genus(TM) Synthesis Solution 19.15-s090_1
  Generated on:           Nov 22 2025  02:01:16 pm
  Module:                 MCU
  Operating conditions:   tt_1p00v_1p00v_25c (balanced_tree)
  Wireload mode:          enclosed
  Area mode:              timing library
============================================================


Path 1: MET (8432 ps) Setup Check with Pin adddec0/RC_CG_HIER_INST3/RC_CGIC_INST/CK->E
          Group: cg_enable_group_clk_cpu
     Startpoint: (R) rom0/CLK
          Clock: (R) clk_cpu
       Endpoint: (F) adddec0/RC_CG_HIER_INST3/RC_CGIC_INST/E
          Clock: (F) clk_cpu

                     Capture       Launch     
        Clock Edge:+   20000            0     
       Src Latency:+       0            0     
       Net Latency:+       0 (I)        0 (I) 
           Arrival:=   20000            0     
                                              
             Setup:-      85                  
     Required Time:=   19915                  
      Launch Clock:-       0                  
         Data Path:-   11483                  
             Slack:=    8432                  

#--------------------------------------------------------------------------------------------------------------------------------------------------------------
#                               Timing Point                                Flags     Arc     Edge       Cell        Fanout  Load Trans Delay Arrival Instance 
#                                                                                                                            (fF)  (ps)  (ps)   (ps)  Location 
#--------------------------------------------------------------------------------------------------------------------------------------------------------------
  rom0/CLK                                                                  -       -         R     (arrival)             1     -     0     0       0    (-,-) 
  rom0/Q[0]                                                                 (P)     CLK->Q[0] F     rom_hvt_pg            1   1.4    14  1780    1780    (-,-) 
  adddec0/g11834__8428/Y                                                    -       B1->Y     R     AOI222X1MA10TH        1   1.7    86    77    1857    (-,-) 
  adddec0/g11743__5107/Y                                                    -       A->Y      F     NAND3X1MA10TH         1   1.5    38    37    1894    (-,-) 
  adddec0/g11690__8428/Y                                                    -       C0->Y     R     AOI221X1MA10TH        1   1.6    74    53    1947    (-,-) 
  adddec0/g11671__7098/Y                                                    -       A->Y      F     NAND4X1MA10TH         1   1.5    42    39    1986    (-,-) 
  adddec0/g11607__5526/Y                                                    -       C0->Y     R     AOI211X1MA10TH        1   1.7    70    51    2037    (-,-) 
  adddec0/g11604__6260/Y                                                    -       A->Y      F     NAND3X1MA10TH         6   9.0    86    70    2107    (-,-) 
  core/g14506/Y                                                             -       B1->Y     R     AOI222X1MA10TH        1   1.9    90    97    2204    (-,-) 
  core/g14500/Y                                                             -       A->Y      F     INVX1MA10TH           4   5.3    33    37    2241    (-,-) 
  core/c_dec_inst/g9870/Y                                                   -       AN->Y     F     NAND3BX1MA10TH        9  14.9   164   122    2363    (-,-) 
  core/c_dec_inst/g9849/Y                                                   -       A->Y      R     NOR2X1AA10TH          3   4.8    94    90    2452    (-,-) 
  core/c_dec_inst/g9818/Y                                                   -       B->Y      F     NAND2X1BA10TH         2   3.5    35    43    2495    (-,-) 
  core/c_dec_inst/g9813/Y                                                   -       A->Y      R     INVX1MA10TH           2   2.5    24    25    2520    (-,-) 
  core/c_dec_inst/g9802__1617/Y                                             -       A->Y      R     AND2X1MA10TH          3   4.7    39    54    2574    (-,-) 
  core/c_dec_inst/g9795__5107/Y                                             -       B0->Y     F     AOI21X1MA10TH         3   4.7    55    33    2607    (-,-) 
  core/c_dec_inst/g9760__5477/Y                                             -       A->Y      R     NAND4X1MA10TH         3   4.8   100    65    2672    (-,-) 
  core/c_dec_inst/g9729__1666/Y                                             -       C0->Y     F     AOI222X1MA10TH        1   1.6    81    51    2722    (-,-) 
  core/c_dec_inst/g9698__1666/Y                                             -       A->Y      R     NAND4X1MA10TH         1   1.1    54    48    2770    (-,-) 
  core/g14401/Y                                                             -       A0->Y     R     AO21BX1MA10TH        43  69.4   388   254    3024    (-,-) 
  core/datapath_inst/rf/g49032/Y                                            -       A->Y      F     INVX1MA10TH          17  28.3   148   154    3178    (-,-) 
  core/datapath_inst/rf/g48982/Y                                            -       B->Y      R     NAND2X1MA10TH         5   8.5    91    94    3272    (-,-) 
  core/datapath_inst/rf/g48843/Y                                            -       B->Y      F     NOR2X1AA10TH         20  33.1   111    92    3365    (-,-) 
  core/datapath_inst/rf/g48496/Y                                            -       A0->Y     R     AOI22X1MA10TH         1   1.4    54    68    3433    (-,-) 
  core/datapath_inst/rf/g48298/Y                                            -       C->Y      F     NAND4X1MA10TH         1   1.5    39    43    3476    (-,-) 
  core/datapath_inst/rf/g48224/Y                                            -       C0->Y     R     AOI221X1MA10TH        1   1.5    70    52    3528    (-,-) 
  core/datapath_inst/rf/g48104/Y                                            -       B->Y      F     NAND3X1MA10TH         1   1.5    39    38    3566    (-,-) 
  core/datapath_inst/rf/g48075/Y                                            -       C0->Y     R     AOI221X1MA10TH        1   1.7    73    54    3619    (-,-) 
  core/datapath_inst/rf/g48055/Y                                            -       A->Y      F     NAND3X1MA10TH         4   6.3    67    58    3677    (-,-) 
  core/datapath_inst/g2199/Y                                                -       B0->Y     R     AOI22X1MA10TH         1   3.6   117    58    3735    (-,-) 
  core/datapath_inst/g2158/Y                                                -       A->Y      F     NAND2X2BA10TH       100 161.0   431   278    4013    (-,-) 
  core/datapath_inst/mainalu/mul_260_70_Y_mul_251_62_Y_mul_257_64_g50233/Y  -       A->Y      R     INVX1MA10TH          42  70.9   421   356    4368    (-,-) 
  core/datapath_inst/mainalu/mul_260_70_Y_mul_251_62_Y_mul_257_64_g49848/Y  -       A->Y      R     MXT2X1MA10TH         36  63.4   354   294    4662    (-,-) 
  core/datapath_inst/mainalu/mul_260_70_Y_mul_251_62_Y_mul_257_64_g49498/Y  -       A->Y      F     NAND2X1AA10TH        34  60.8   341   291    4953    (-,-) 
  core/datapath_inst/mainalu/mul_260_70_Y_mul_251_62_Y_mul_257_64_g48916/Y  -       A0->Y     R     OAI22X1MA10TH         1   3.8   142   131    5085    (-,-) 
  core/datapath_inst/mainalu/mul_260_70_Y_mul_251_62_Y_mul_257_64_g48839/S  -       CI->S     F     ADDFX1MA10TH          1   4.8    42   143    5228    (-,-) 
  core/datapath_inst/mainalu/mul_260_70_Y_mul_251_62_Y_mul_257_64_g48655/CO -       A->CO     F     ADDFX1MA10TH          1   3.8    34    88    5315    (-,-) 
  core/datapath_inst/mainalu/mul_260_70_Y_mul_251_62_Y_mul_257_64_g48576/CO -       CI->CO    F     ADDFX1MA10TH          1   3.8    34    76    5391    (-,-) 
  core/datapath_inst/mainalu/mul_260_70_Y_mul_251_62_Y_mul_257_64_g48526/CO -       CI->CO    F     ADDFX1MA10TH          1   3.8    34    76    5468    (-,-) 
  core/datapath_inst/mainalu/mul_260_70_Y_mul_251_62_Y_mul_257_64_g48491/CO -       CI->CO    F     ADDFX1MA10TH          1   3.8    34    76    5544    (-,-) 
  core/datapath_inst/mainalu/mul_260_70_Y_mul_251_62_Y_mul_257_64_g48455/CO -       CI->CO    F     ADDFX1MA10TH          1   3.8    34    76    5620    (-,-) 
  core/datapath_inst/mainalu/mul_260_70_Y_mul_251_62_Y_mul_257_64_g48414/CO -       CI->CO    F     ADDFX1MA10TH          1   3.8    34    76    5697    (-,-) 
  core/datapath_inst/mainalu/mul_260_70_Y_mul_251_62_Y_mul_257_64_g48393/CO -       CI->CO    F     ADDFX1MA10TH          1   3.8    34    76    5773    (-,-) 
  core/datapath_inst/mainalu/mul_260_70_Y_mul_251_62_Y_mul_257_64_g48374/CO -       CI->CO    F     ADDFX1MA10TH          1   3.8    34    76    5849    (-,-) 
  core/datapath_inst/mainalu/mul_260_70_Y_mul_251_62_Y_mul_257_64_g48362/CO -       CI->CO    F     ADDFX1MA10TH          1   3.8    34    76    5926    (-,-) 
  core/datapath_inst/mainalu/mul_260_70_Y_mul_251_62_Y_mul_257_64_g48355/CO -       CI->CO    F     ADDFX1MA10TH          1   3.8    34    76    6002    (-,-) 
  core/datapath_inst/mainalu/mul_260_70_Y_mul_251_62_Y_mul_257_64_g48351/CO -       CI->CO    F     ADDFX1MA10TH          1   3.8    34    76    6078    (-,-) 
  core/datapath_inst/mainalu/mul_260_70_Y_mul_251_62_Y_mul_257_64_g48350/CO -       CI->CO    F     ADDFX1MA10TH          1   3.8    34    76    6154    (-,-) 
  core/datapath_inst/mainalu/mul_260_70_Y_mul_251_62_Y_mul_257_64_g48349/CO -       CI->CO    F     ADDFX1MA10TH          1   3.8    34    76    6231    (-,-) 
  core/datapath_inst/mainalu/mul_260_70_Y_mul_251_62_Y_mul_257_64_g48348/CO -       CI->CO    F     ADDFX1MA10TH          1   3.8    34    76    6307    (-,-) 
  core/datapath_inst/mainalu/mul_260_70_Y_mul_251_62_Y_mul_257_64_g48347/CO -       CI->CO    F     ADDFX1MA10TH          1   3.8    34    76    6383    (-,-) 
  core/datapath_inst/mainalu/mul_260_70_Y_mul_251_62_Y_mul_257_64_g48346/CO -       CI->CO    F     ADDFX1MA10TH          1   3.8    34    76    6460    (-,-) 
  core/datapath_inst/mainalu/mul_260_70_Y_mul_251_62_Y_mul_257_64_g48345/CO -       CI->CO    F     ADDFX1MA10TH          1   3.8    34    76    6536    (-,-) 
  core/datapath_inst/mainalu/mul_260_70_Y_mul_251_62_Y_mul_257_64_g48344/CO -       CI->CO    F     ADDFX1MA10TH          1   3.8    34    76    6612    (-,-) 
  core/datapath_inst/mainalu/mul_260_70_Y_mul_251_62_Y_mul_257_64_g48343/CO -       CI->CO    F     ADDFX1MA10TH          1   3.8    34    76    6688    (-,-) 
  core/datapath_inst/mainalu/mul_260_70_Y_mul_251_62_Y_mul_257_64_g48342/CO -       CI->CO    F     ADDFX1MA10TH          1   3.8    34    76    6765    (-,-) 
  core/datapath_inst/mainalu/mul_260_70_Y_mul_251_62_Y_mul_257_64_g48341/CO -       CI->CO    F     ADDFX1MA10TH          1   3.8    34    76    6841    (-,-) 
  core/datapath_inst/mainalu/mul_260_70_Y_mul_251_62_Y_mul_257_64_g48340/CO -       CI->CO    F     ADDFX1MA10TH          1   3.8    34    76    6917    (-,-) 
  core/datapath_inst/mainalu/mul_260_70_Y_mul_251_62_Y_mul_257_64_g48339/CO -       CI->CO    F     ADDFX1MA10TH          1   3.8    34    76    6994    (-,-) 
  core/datapath_inst/mainalu/mul_260_70_Y_mul_251_62_Y_mul_257_64_g48338/CO -       CI->CO    F     ADDFX1MA10TH          1   3.8    34    76    7070    (-,-) 
  core/datapath_inst/mainalu/mul_260_70_Y_mul_251_62_Y_mul_257_64_g48337/CO -       CI->CO    F     ADDFX1MA10TH          1   3.8    34    76    7146    (-,-) 
  core/datapath_inst/mainalu/mul_260_70_Y_mul_251_62_Y_mul_257_64_g48336/CO -       CI->CO    F     ADDFX1MA10TH          1   3.8    34    76    7223    (-,-) 
  core/datapath_inst/mainalu/mul_260_70_Y_mul_251_62_Y_mul_257_64_g48335/CO -       CI->CO    F     ADDFX1MA10TH          1   3.8    34    76    7299    (-,-) 
  core/datapath_inst/mainalu/mul_260_70_Y_mul_251_62_Y_mul_257_64_g48334/CO -       CI->CO    F     ADDFX1MA10TH          1   3.8    34    76    7375    (-,-) 
  core/datapath_inst/mainalu/mul_260_70_Y_mul_251_62_Y_mul_257_64_g48333/CO -       CI->CO    F     ADDFX1MA10TH          1   3.8    34    76    7452    (-,-) 
  core/datapath_inst/mainalu/mul_260_70_Y_mul_251_62_Y_mul_257_64_g48332/CO -       CI->CO    F     ADDFX1MA10TH          1   3.8    34    76    7528    (-,-) 
  core/datapath_inst/mainalu/mul_260_70_Y_mul_251_62_Y_mul_257_64_g48331/CO -       CI->CO    F     ADDFX1MA10TH          1   3.8    34    76    7604    (-,-) 
  core/datapath_inst/mainalu/mul_260_70_Y_mul_251_62_Y_mul_257_64_g48330/CO -       CI->CO    F     ADDFX1MA10TH          1   3.8    34    76    7680    (-,-) 
  core/datapath_inst/mainalu/mul_260_70_Y_mul_251_62_Y_mul_257_64_g48329/CO -       CI->CO    F     ADDFX1MA10TH          1   3.8    34    76    7757    (-,-) 
  core/datapath_inst/mainalu/mul_260_70_Y_mul_251_62_Y_mul_257_64_g48328/CO -       CI->CO    F     ADDFX1MA10TH          1   3.8    34    76    7833    (-,-) 
  core/datapath_inst/mainalu/mul_260_70_Y_mul_251_62_Y_mul_257_64_g48327/CO -       CI->CO    F     ADDFX1MA10TH          1   3.8    34    76    7909    (-,-) 
  core/datapath_inst/mainalu/mul_260_70_Y_mul_251_62_Y_mul_257_64_g48326/CO -       CI->CO    F     ADDFX1MA10TH          1   3.8    34    76    7986    (-,-) 
  core/datapath_inst/mainalu/mul_260_70_Y_mul_251_62_Y_mul_257_64_g48325/CO -       CI->CO    F     ADDFX1MA10TH          1   3.8    34    76    8062    (-,-) 
  core/datapath_inst/mainalu/mul_260_70_Y_mul_251_62_Y_mul_257_64_g48324/CO -       CI->CO    F     ADDFX1MA10TH          1   3.8    34    76    8138    (-,-) 
  core/datapath_inst/mainalu/mul_260_70_Y_mul_251_62_Y_mul_257_64_g48323/CO -       CI->CO    F     ADDFX1MA10TH          1   3.8    34    76    8214    (-,-) 
  core/datapath_inst/mainalu/mul_260_70_Y_mul_251_62_Y_mul_257_64_g48322/CO -       CI->CO    F     ADDFX1MA10TH          1   3.8    34    76    8291    (-,-) 
  core/datapath_inst/mainalu/mul_260_70_Y_mul_251_62_Y_mul_257_64_g48321/CO -       CI->CO    F     ADDFX1MA10TH          1   3.8    34    76    8367    (-,-) 
  core/datapath_inst/mainalu/mul_260_70_Y_mul_251_62_Y_mul_257_64_g48320/CO -       CI->CO    F     ADDFX1MA10TH          1   3.8    34    76    8443    (-,-) 
  core/datapath_inst/mainalu/mul_260_70_Y_mul_251_62_Y_mul_257_64_g48319/CO -       CI->CO    F     ADDFX1MA10TH          1   3.8    34    76    8520    (-,-) 
  core/datapath_inst/mainalu/mul_260_70_Y_mul_251_62_Y_mul_257_64_g48318/CO -       CI->CO    F     ADDFX1MA10TH          1   3.8    34    76    8596    (-,-) 
  core/datapath_inst/mainalu/mul_260_70_Y_mul_251_62_Y_mul_257_64_g48317/CO -       CI->CO    F     ADDFX1MA10TH          1   3.8    34    76    8672    (-,-) 
  core/datapath_inst/mainalu/mul_260_70_Y_mul_251_62_Y_mul_257_64_g48316/CO -       CI->CO    F     ADDFX1MA10TH          1   3.8    34    76    8749    (-,-) 
  core/datapath_inst/mainalu/mul_260_70_Y_mul_251_62_Y_mul_257_64_g48315/CO -       CI->CO    F     ADDFX1MA10TH          1   3.8    34    76    8825    (-,-) 
  core/datapath_inst/mainalu/mul_260_70_Y_mul_251_62_Y_mul_257_64_g48314/CO -       CI->CO    F     ADDFX1MA10TH          1   3.8    34    76    8901    (-,-) 
  core/datapath_inst/mainalu/mul_260_70_Y_mul_251_62_Y_mul_257_64_g48313/CO -       CI->CO    F     ADDFX1MA10TH          1   3.8    34    76    8978    (-,-) 
  core/datapath_inst/mainalu/mul_260_70_Y_mul_251_62_Y_mul_257_64_g48312/CO -       CI->CO    F     ADDFX1MA10TH          1   3.8    34    76    9054    (-,-) 
  core/datapath_inst/mainalu/mul_260_70_Y_mul_251_62_Y_mul_257_64_g48311/CO -       CI->CO    F     ADDFX1MA10TH          1   3.8    34    76    9130    (-,-) 
  core/datapath_inst/mainalu/mul_260_70_Y_mul_251_62_Y_mul_257_64_g48310/CO -       CI->CO    F     ADDFX1MA10TH          1   3.8    34    76    9206    (-,-) 
  core/datapath_inst/mainalu/mul_260_70_Y_mul_251_62_Y_mul_257_64_g48309/CO -       CI->CO    F     ADDFX1MA10TH          1   3.8    34    76    9283    (-,-) 
  core/datapath_inst/mainalu/mul_260_70_Y_mul_251_62_Y_mul_257_64_g48308/CO -       CI->CO    F     ADDFX1MA10TH          1   3.8    34    76    9359    (-,-) 
  core/datapath_inst/mainalu/mul_260_70_Y_mul_251_62_Y_mul_257_64_g48307/CO -       CI->CO    F     ADDFX1MA10TH          1   3.8    34    76    9435    (-,-) 
  core/datapath_inst/mainalu/mul_260_70_Y_mul_251_62_Y_mul_257_64_g48306/CO -       CI->CO    F     ADDFX1MA10TH          1   3.8    34    76    9512    (-,-) 
  core/datapath_inst/mainalu/mul_260_70_Y_mul_251_62_Y_mul_257_64_g48305/CO -       CI->CO    F     ADDFX1MA10TH          1   3.8    34    76    9588    (-,-) 
  core/datapath_inst/mainalu/mul_260_70_Y_mul_251_62_Y_mul_257_64_g48304/CO -       CI->CO    F     ADDFX1MA10TH          1   3.8    34    76    9664    (-,-) 
  core/datapath_inst/mainalu/mul_260_70_Y_mul_251_62_Y_mul_257_64_g48303/CO -       CI->CO    F     ADDFX1MA10TH          1   3.8    34    76    9740    (-,-) 
  core/datapath_inst/mainalu/mul_260_70_Y_mul_251_62_Y_mul_257_64_g48302/CO -       CI->CO    F     ADDFX1MA10TH          1   1.8    27    70    9810    (-,-) 
  core/datapath_inst/mainalu/mul_260_70_Y_mul_251_62_Y_mul_257_64_g48301/Y  -       A->Y      F     XNOR3X1MA10TH         1   1.8    35    55    9865    (-,-) 
  core/datapath_inst/mainalu/g211151/Y                                      -       B0->Y     R     AOI22X1MA10TH         1   1.6    57    37    9902    (-,-) 
  core/datapath_inst/mainalu/g210586/Y                                      -       A->Y      F     NAND4X1MA10TH         1   1.5    40    36    9938    (-,-) 
  core/datapath_inst/mainalu/g210477/Y                                      -       C0->Y     R     AOI211X1MA10TH        1   1.6    69    50    9987    (-,-) 
  core/datapath_inst/mainalu/g210441/Y                                      -       C0->Y     F     OAI211X1MA10TH        1   1.5    37    38   10026    (-,-) 
  core/datapath_inst/mainalu/g209871/Y                                      -       C0->Y     R     AOI221X1MA10TH        1   1.6    74    53   10078    (-,-) 
  core/datapath_inst/mainalu/g209859/Y                                      -       A->Y      F     NAND4X1MA10TH         7  11.4   154    99   10177    (-,-) 
  core/datapath_inst/mainalu/g209845/Y                                      -       A->Y      F     OR6X1MA10TH           1   1.6    34    95   10272    (-,-) 
  core/datapath_inst/mainalu/g209844/Y                                      -       A->Y      F     OR6X1MA10TH           1   1.6    32    69   10341    (-,-) 
  core/datapath_inst/mainalu/g209843/Y                                      -       A->Y      R     NOR2X1MA10TH          1   2.4    47    37   10378    (-,-) 
  core/controller_inst/bval/g49/Y                                           -       A->Y      R     XNOR2X1MA10TH         2   3.3    99    44   10423    (-,-) 
  core/controller_inst/bval/g48/Y                                           -       A->Y      F     NOR3X1AA10TH          1   1.4    47    32   10455    (-,-) 
  core/controller_inst/bval/g47/Y                                           -       B0->Y     F     AO21X1MA10TH          1   1.6    20    60   10515    (-,-) 
  core/controller_inst/g15/Y                                                -       A0->Y     F     AO21X1MA10TH          4   6.8    34    69   10584    (-,-) 
  core/g19215/Y                                                             -       A0->Y     R     AOI211X2MA10TH       31  52.7   460   284   10868    (-,-) 
  core/g19192/Y                                                             -       A->Y      F     INVX1BA10TH           2   3.3    98    75   10943    (-,-) 
  core/g19087/Y                                                             -       A0->Y     R     OAI211X1MA10TH        2   2.7    75    77   11019    (-,-) 
  core/g19004/Y                                                             -       B1->Y     F     AOI222X1MA10TH        2   3.7   158    69   11088    (-,-) 
  core/g18987/Y                                                             -       A->Y      R     INVX1MA10TH           3   4.0    59    59   11148    (-,-) 
  core/g18897/Y                                                             -       B1->Y     F     AOI222X1MA10TH        1   1.9   116    55   11203    (-,-) 
  core/g18895/Y                                                             -       A->Y      R     INVX1MA10TH           6   8.8    67    69   11272    (-,-) 
  core/controller_inst/md/g16064/Y                                          -       A->Y      F     INVX1MA10TH           3   4.6    27    30   11302    (-,-) 
  core/controller_inst/md/g16059/Y                                          -       A0->Y     R     AOI2XB1X1MA10TH       2   2.3    47    42   11344    (-,-) 
  core/controller_inst/md/g2/Y                                              -       B0N->Y    R     AOI21BX0P7MA10TH      1   1.1    42    58   11402    (-,-) 
  core/g14096/Y                                                             -       A0->Y     R     AO21BX1MA10TH         2   2.8    48    62   11464    (-,-) 
  adddec0/g6415/Y                                                           -       A->Y      F     INVX0P7MA10TH         1   0.9    16    19   11483    (-,-) 
  adddec0/RC_CG_HIER_INST3/RC_CGIC_INST/E                                   <<<     -         F     PREICGX0P5BA10TH      1     -     -     0   11483    (-,-) 
#--------------------------------------------------------------------------------------------------------------------------------------------------------------

(P) : Instance is preserved

