###############################################################
#  Generated by:      Cadence Innovus 20.12-s088_1
#  OS:                Linux x86_64(Host ID atlas)
#  Generated on:      Mon Nov 17 19:52:29 2025
#  Design:            MCU
#  Command:           report_timing -net > $REPORT_DIR/$DESIGN_NAME.report_timing.signoff.rpt
###############################################################
Path 1: MET Clock Gating Setup Check with Pin saradc0/g2837/A 
Endpoint:   saradc0/g2837/B                                   (v) checked with 
trailing edge of 'smclk'
Beginpoint: saradc0/ADC_sync_clock_phase_shift_reg_reg[14]/QN (v) triggered by 
trailing edge of 'smclk'
Path Groups: {clock_gating_default}
Analysis View: setup_analysis_view
Other End Arrival Time         13.707
- Clock Gating Setup            0.000
+ Phase Shift                  28.571
+ CPPR Adjustment               0.000
= Required Time                42.279
- Arrival Time                 42.251
= Slack Time                    0.028
     Clock Fall Edge                 14.286
     + Clock Network Latency (Prop)  -0.048
     = Beginpoint Arrival Time       14.237
     +---------------------------------------------------------------------------------------------------------------------------------------------------------------+ 
     |                        Pin                         | Edge |                        Net                         |      Cell       | Delay | Arrival | Required | 
     |                                                    |      |                                                    |                 |       |  Time   |   Time   | 
     |----------------------------------------------------+------+----------------------------------------------------+-----------------+-------+---------+----------| 
     | saradc0/ADC_sync_clock_phase_shift_reg_reg[14]/CK  |  ^   | saradc0/rc_gclk                                    |                 |       |  14.237 |   14.265 | 
     | saradc0/ADC_sync_clock_phase_shift_reg_reg[14]/QN  |  v   | saradc0/ADC_sync_clock_phase_shift_reg[14]         | DFFRPQNX1MA10TH | 0.297 |  14.534 |   14.562 | 
     | saradc0/FE_PHC8421_ADC_sync_clock_phase_shift_reg_ |  v   | saradc0/ADC_sync_clock_phase_shift_reg[14]         | BUFHX0P8MA10TH  | 0.000 |  14.534 |   14.562 | 
     | 14/A                                               |      |                                                    |                 |       |         |          | 
     | saradc0/FE_PHC8421_ADC_sync_clock_phase_shift_reg_ |  v   | saradc0/FE_PHN8421_ADC_sync_clock_phase_shift_reg_ | BUFHX0P8MA10TH  | 0.082 |  14.616 |   14.643 | 
     | 14/Y                                               |      | 14                                                 |                 |       |         |          | 
     | saradc0/FE_PHC8431_ADC_sync_clock_phase_shift_reg_ |  v   | saradc0/FE_PHN8421_ADC_sync_clock_phase_shift_reg_ | BUFHX0P8MA10TH  | 0.000 |  14.616 |   14.643 | 
     | 14/A                                               |      | 14                                                 |                 |       |         |          | 
     | saradc0/FE_PHC8431_ADC_sync_clock_phase_shift_reg_ |  v   | saradc0/FE_PHN8431_ADC_sync_clock_phase_shift_reg_ | BUFHX0P8MA10TH  | 0.075 |  14.691 |   14.718 | 
     | 14/Y                                               |      | 14                                                 |                 |       |         |          | 
     | saradc0/g3616/A                                    |  v   | saradc0/FE_PHN8431_ADC_sync_clock_phase_shift_reg_ | AND2X4MA10TH    | 0.000 |  14.691 |   14.718 | 
     |                                                    |      | 14                                                 |                 |       |         |          | 
     | saradc0/g3616/Y                                    |  v   | saradc0/n_163                                      | AND2X4MA10TH    | 0.105 |  14.795 |   14.823 | 
     | saradc0/FE_PHC8348_n_163/A                         |  v   | saradc0/n_163                                      | DLY4X0P5MA10TH  | 0.006 |  14.802 |   14.830 | 
     | saradc0/FE_PHC8348_n_163/Y                         |  v   | saradc0/FE_PHN8348_n_163                           | DLY4X0P5MA10TH  | 0.408 |  15.210 |   15.238 | 
     | saradc0/FE_PHC8349_n_163/A                         |  v   | saradc0/FE_PHN8348_n_163                           | DLY4X0P5MA10TH  | 0.000 |  15.210 |   15.238 | 
     | saradc0/FE_PHC8349_n_163/Y                         |  v   | saradc0/FE_PHN8349_n_163                           | DLY4X0P5MA10TH  | 0.409 |  15.619 |   15.646 | 
     | saradc0/FE_PHC8354_n_163/A                         |  v   | saradc0/FE_PHN8349_n_163                           | DLY4X0P5MA10TH  | 0.000 |  15.619 |   15.646 | 
     | saradc0/FE_PHC8354_n_163/Y                         |  v   | saradc0/FE_PHN8354_n_163                           | DLY4X0P5MA10TH  | 0.404 |  16.022 |   16.050 | 
     | saradc0/FE_PHC8361_n_163/A                         |  v   | saradc0/FE_PHN8354_n_163                           | DLY4X0P5MA10TH  | 0.000 |  16.022 |   16.050 | 
     | saradc0/FE_PHC8361_n_163/Y                         |  v   | saradc0/FE_PHN8361_n_163                           | DLY4X0P5MA10TH  | 0.410 |  16.432 |   16.460 | 
     | saradc0/FE_PHC8355_n_163/A                         |  v   | saradc0/FE_PHN8361_n_163                           | DLY4X0P5MA10TH  | 0.000 |  16.432 |   16.460 | 
     | saradc0/FE_PHC8355_n_163/Y                         |  v   | saradc0/FE_PHN8355_n_163                           | DLY4X0P5MA10TH  | 0.403 |  16.835 |   16.863 | 
     | saradc0/FE_PHC8364_n_163/A                         |  v   | saradc0/FE_PHN8355_n_163                           | DLY4X0P5MA10TH  | 0.000 |  16.835 |   16.863 | 
     | saradc0/FE_PHC8364_n_163/Y                         |  v   | saradc0/FE_PHN8364_n_163                           | DLY4X0P5MA10TH  | 0.427 |  17.262 |   17.290 | 
     | saradc0/FE_PHC8377_n_163/A                         |  v   | saradc0/FE_PHN8364_n_163                           | DLY4X0P5MA10TH  | 0.000 |  17.263 |   17.290 | 
     | saradc0/FE_PHC8377_n_163/Y                         |  v   | saradc0/FE_PHN8377_n_163                           | DLY4X0P5MA10TH  | 0.417 |  17.679 |   17.707 | 
     | saradc0/FE_PHC8379_n_163/A                         |  v   | saradc0/FE_PHN8377_n_163                           | DLY4X0P5MA10TH  | 0.000 |  17.679 |   17.707 | 
     | saradc0/FE_PHC8379_n_163/Y                         |  v   | saradc0/FE_PHN8379_n_163                           | DLY4X0P5MA10TH  | 0.403 |  18.082 |   18.110 | 
     | saradc0/FE_PHC8378_n_163/A                         |  v   | saradc0/FE_PHN8379_n_163                           | DLY4X0P5MA10TH  | 0.000 |  18.082 |   18.110 | 
     | saradc0/FE_PHC8378_n_163/Y                         |  v   | saradc0/FE_PHN8378_n_163                           | DLY4X0P5MA10TH  | 0.403 |  18.485 |   18.513 | 
     | saradc0/FE_PHC8381_n_163/A                         |  v   | saradc0/FE_PHN8378_n_163                           | DLY4X0P5MA10TH  | 0.000 |  18.485 |   18.513 | 
     | saradc0/FE_PHC8381_n_163/Y                         |  v   | saradc0/FE_PHN8381_n_163                           | DLY4X0P5MA10TH  | 0.397 |  18.882 |   18.910 | 
     | saradc0/FE_PHC8387_n_163/A                         |  v   | saradc0/FE_PHN8381_n_163                           | DLY4X0P5MA10TH  | 0.000 |  18.882 |   18.910 | 
     | saradc0/FE_PHC8387_n_163/Y                         |  v   | saradc0/FE_PHN8387_n_163                           | DLY4X0P5MA10TH  | 0.397 |  19.279 |   19.307 | 
     | saradc0/FE_PHC8390_n_163/A                         |  v   | saradc0/FE_PHN8387_n_163                           | DLY4X0P5MA10TH  | 0.000 |  19.279 |   19.307 | 
     | saradc0/FE_PHC8390_n_163/Y                         |  v   | saradc0/FE_PHN8390_n_163                           | DLY4X0P5MA10TH  | 0.401 |  19.681 |   19.708 | 
     | saradc0/FE_PHC8393_n_163/A                         |  v   | saradc0/FE_PHN8390_n_163                           | DLY4X0P5MA10TH  | 0.000 |  19.681 |   19.708 | 
     | saradc0/FE_PHC8393_n_163/Y                         |  v   | saradc0/FE_PHN8393_n_163                           | DLY4X0P5MA10TH  | 0.414 |  20.095 |   20.122 | 
     | saradc0/FE_PHC8404_n_163/A                         |  v   | saradc0/FE_PHN8393_n_163                           | DLY4X0P5MA10TH  | 0.000 |  20.095 |   20.123 | 
     | saradc0/FE_PHC8404_n_163/Y                         |  v   | saradc0/FE_PHN8404_n_163                           | DLY4X0P5MA10TH  | 0.411 |  20.506 |   20.534 | 
     | saradc0/FE_PHC8392_n_163/A                         |  v   | saradc0/FE_PHN8404_n_163                           | DLY4X0P5MA10TH  | 0.000 |  20.506 |   20.534 | 
     | saradc0/FE_PHC8392_n_163/Y                         |  v   | saradc0/FE_PHN8392_n_163                           | DLY4X0P5MA10TH  | 0.402 |  20.908 |   20.936 | 
     | saradc0/FE_PHC8394_n_163/A                         |  v   | saradc0/FE_PHN8392_n_163                           | DLY4X0P5MA10TH  | 0.000 |  20.908 |   20.936 | 
     | saradc0/FE_PHC8394_n_163/Y                         |  v   | saradc0/FE_PHN8394_n_163                           | DLY4X0P5MA10TH  | 0.405 |  21.313 |   21.341 | 
     | saradc0/FE_PHC8405_n_163/A                         |  v   | saradc0/FE_PHN8394_n_163                           | DLY4X0P5MA10TH  | 0.000 |  21.313 |   21.341 | 
     | saradc0/FE_PHC8405_n_163/Y                         |  v   | saradc0/FE_PHN8405_n_163                           | DLY4X0P5MA10TH  | 0.399 |  21.712 |   21.740 | 
     | saradc0/FE_PHC8416_n_163/A                         |  v   | saradc0/FE_PHN8405_n_163                           | BUFHX0P8MA10TH  | 0.000 |  21.712 |   21.740 | 
     | saradc0/FE_PHC8416_n_163/Y                         |  v   | saradc0/FE_PHN8416_n_163                           | BUFHX0P8MA10TH  | 0.079 |  21.791 |   21.819 | 
     | saradc0/FE_PHC8419_n_163/A                         |  v   | saradc0/FE_PHN8416_n_163                           | BUFHX0P8MA10TH  | 0.000 |  21.791 |   21.819 | 
     | saradc0/FE_PHC8419_n_163/Y                         |  v   | saradc0/FE_PHN8419_n_163                           | BUFHX0P8MA10TH  | 0.070 |  21.861 |   21.889 | 
     | saradc0/FE_PHC8420_n_163/A                         |  v   | saradc0/FE_PHN8419_n_163                           | BUFHX2MA10TH    | 0.000 |  21.861 |   21.889 | 
     | saradc0/FE_PHC8420_n_163/Y                         |  v   | saradc0/FE_PHN8420_n_163                           | BUFHX2MA10TH    | 0.052 |  21.913 |   21.941 | 
     | saradc0/FE_PHC8417_n_163/A                         |  v   | saradc0/FE_PHN8420_n_163                           | BUFHX0P8MA10TH  | 0.000 |  21.913 |   21.941 | 
     | saradc0/FE_PHC8417_n_163/Y                         |  v   | saradc0/FE_PHN8417_n_163                           | BUFHX0P8MA10TH  | 0.062 |  21.976 |   22.003 | 
     | saradc0/FE_PHC8418_n_163/A                         |  v   | saradc0/FE_PHN8417_n_163                           | BUFHX0P8MA10TH  | 0.000 |  21.976 |   22.003 | 
     | saradc0/FE_PHC8418_n_163/Y                         |  v   | saradc0/FE_PHN8418_n_163                           | BUFHX0P8MA10TH  | 0.066 |  22.041 |   22.069 | 
     | saradc0/FE_PHC8411_n_163/A                         |  v   | saradc0/FE_PHN8418_n_163                           | DLY4X0P5MA10TH  | 0.000 |  22.041 |   22.069 | 
     | saradc0/FE_PHC8411_n_163/Y                         |  v   | saradc0/FE_PHN8411_n_163                           | DLY4X0P5MA10TH  | 0.380 |  22.421 |   22.449 | 
     | saradc0/FE_PHC8412_n_163/A                         |  v   | saradc0/FE_PHN8411_n_163                           | DLY4X0P5MA10TH  | 0.000 |  22.421 |   22.449 | 
     | saradc0/FE_PHC8412_n_163/Y                         |  v   | saradc0/FE_PHN8412_n_163                           | DLY4X0P5MA10TH  | 0.398 |  22.819 |   22.847 | 
     | saradc0/FE_PHC8410_n_163/A                         |  v   | saradc0/FE_PHN8412_n_163                           | DLY4X0P5MA10TH  | 0.000 |  22.819 |   22.847 | 
     | saradc0/FE_PHC8410_n_163/Y                         |  v   | saradc0/FE_PHN8410_n_163                           | DLY4X0P5MA10TH  | 0.407 |  23.226 |   23.254 | 
     | saradc0/FE_PHC8413_n_163/A                         |  v   | saradc0/FE_PHN8410_n_163                           | DLY4X0P5MA10TH  | 0.000 |  23.226 |   23.254 | 
     | saradc0/FE_PHC8413_n_163/Y                         |  v   | saradc0/FE_PHN8413_n_163                           | DLY4X0P5MA10TH  | 0.398 |  23.624 |   23.652 | 
     | saradc0/FE_PHC8407_n_163/A                         |  v   | saradc0/FE_PHN8413_n_163                           | DLY4X0P5MA10TH  | 0.000 |  23.624 |   23.652 | 
     | saradc0/FE_PHC8407_n_163/Y                         |  v   | saradc0/FE_PHN8407_n_163                           | DLY4X0P5MA10TH  | 0.398 |  24.023 |   24.050 | 
     | saradc0/FE_PHC8414_n_163/A                         |  v   | saradc0/FE_PHN8407_n_163                           | DLY4X0P5MA10TH  | 0.000 |  24.023 |   24.050 | 
     | saradc0/FE_PHC8414_n_163/Y                         |  v   | saradc0/FE_PHN8414_n_163                           | DLY4X0P5MA10TH  | 0.408 |  24.430 |   24.458 | 
     | saradc0/FE_PHC8415_n_163/A                         |  v   | saradc0/FE_PHN8414_n_163                           | DLY4X0P5MA10TH  | 0.000 |  24.431 |   24.458 | 
     | saradc0/FE_PHC8415_n_163/Y                         |  v   | saradc0/FE_PHN8415_n_163                           | DLY4X0P5MA10TH  | 0.406 |  24.836 |   24.864 | 
     | saradc0/FE_PHC8409_n_163/A                         |  v   | saradc0/FE_PHN8415_n_163                           | DLY4X0P5MA10TH  | 0.000 |  24.836 |   24.864 | 
     | saradc0/FE_PHC8409_n_163/Y                         |  v   | saradc0/FE_PHN8409_n_163                           | DLY4X0P5MA10TH  | 0.401 |  25.237 |   25.265 | 
     | saradc0/FE_PHC8408_n_163/A                         |  v   | saradc0/FE_PHN8409_n_163                           | DLY4X0P5MA10TH  | 0.000 |  25.237 |   25.265 | 
     | saradc0/FE_PHC8408_n_163/Y                         |  v   | saradc0/FE_PHN8408_n_163                           | DLY4X0P5MA10TH  | 0.399 |  25.637 |   25.665 | 
     | saradc0/FE_PHC8406_n_163/A                         |  v   | saradc0/FE_PHN8408_n_163                           | DLY4X0P5MA10TH  | 0.000 |  25.637 |   25.665 | 
     | saradc0/FE_PHC8406_n_163/Y                         |  v   | saradc0/FE_PHN8406_n_163                           | DLY4X0P5MA10TH  | 0.400 |  26.037 |   26.065 | 
     | saradc0/FE_PHC8401_n_163/A                         |  v   | saradc0/FE_PHN8406_n_163                           | DLY4X0P5MA10TH  | 0.000 |  26.037 |   26.065 | 
     | saradc0/FE_PHC8401_n_163/Y                         |  v   | saradc0/FE_PHN8401_n_163                           | DLY4X0P5MA10TH  | 0.396 |  26.433 |   26.461 | 
     | saradc0/FE_PHC8403_n_163/A                         |  v   | saradc0/FE_PHN8401_n_163                           | DLY4X0P5MA10TH  | 0.000 |  26.433 |   26.461 | 
     | saradc0/FE_PHC8403_n_163/Y                         |  v   | saradc0/FE_PHN8403_n_163                           | DLY4X0P5MA10TH  | 0.399 |  26.832 |   26.860 | 
     | saradc0/FE_PHC8400_n_163/A                         |  v   | saradc0/FE_PHN8403_n_163                           | DLY4X0P5MA10TH  | 0.000 |  26.832 |   26.860 | 
     | saradc0/FE_PHC8400_n_163/Y                         |  v   | saradc0/FE_PHN8400_n_163                           | DLY4X0P5MA10TH  | 0.401 |  27.233 |   27.261 | 
     | saradc0/FE_PHC8395_n_163/A                         |  v   | saradc0/FE_PHN8400_n_163                           | DLY4X0P5MA10TH  | 0.000 |  27.233 |   27.261 | 
     | saradc0/FE_PHC8395_n_163/Y                         |  v   | saradc0/FE_PHN8395_n_163                           | DLY4X0P5MA10TH  | 0.399 |  27.632 |   27.660 | 
     | saradc0/FE_PHC8402_n_163/A                         |  v   | saradc0/FE_PHN8395_n_163                           | DLY4X0P5MA10TH  | 0.000 |  27.632 |   27.660 | 
     | saradc0/FE_PHC8402_n_163/Y                         |  v   | saradc0/FE_PHN8402_n_163                           | DLY4X0P5MA10TH  | 0.413 |  28.045 |   28.073 | 
     | saradc0/FE_PHC8397_n_163/A                         |  v   | saradc0/FE_PHN8402_n_163                           | DLY4X0P5MA10TH  | 0.000 |  28.045 |   28.073 | 
     | saradc0/FE_PHC8397_n_163/Y                         |  v   | saradc0/FE_PHN8397_n_163                           | DLY4X0P5MA10TH  | 0.406 |  28.451 |   28.479 | 
     | saradc0/FE_PHC8398_n_163/A                         |  v   | saradc0/FE_PHN8397_n_163                           | DLY4X0P5MA10TH  | 0.000 |  28.451 |   28.479 | 
     | saradc0/FE_PHC8398_n_163/Y                         |  v   | saradc0/FE_PHN8398_n_163                           | DLY4X0P5MA10TH  | 0.401 |  28.852 |   28.880 | 
     | saradc0/FE_PHC8396_n_163/A                         |  v   | saradc0/FE_PHN8398_n_163                           | DLY4X0P5MA10TH  | 0.000 |  28.852 |   28.880 | 
     | saradc0/FE_PHC8396_n_163/Y                         |  v   | saradc0/FE_PHN8396_n_163                           | DLY4X0P5MA10TH  | 0.401 |  29.253 |   29.281 | 
     | saradc0/FE_PHC8399_n_163/A                         |  v   | saradc0/FE_PHN8396_n_163                           | DLY4X0P5MA10TH  | 0.000 |  29.253 |   29.281 | 
     | saradc0/FE_PHC8399_n_163/Y                         |  v   | saradc0/FE_PHN8399_n_163                           | DLY4X0P5MA10TH  | 0.399 |  29.653 |   29.680 | 
     | saradc0/FE_PHC8391_n_163/A                         |  v   | saradc0/FE_PHN8399_n_163                           | DLY4X0P5MA10TH  | 0.000 |  29.653 |   29.680 | 
     | saradc0/FE_PHC8391_n_163/Y                         |  v   | saradc0/FE_PHN8391_n_163                           | DLY4X0P5MA10TH  | 0.400 |  30.052 |   30.080 | 
     | saradc0/FE_PHC8389_n_163/A                         |  v   | saradc0/FE_PHN8391_n_163                           | DLY4X0P5MA10TH  | 0.000 |  30.052 |   30.080 | 
     | saradc0/FE_PHC8389_n_163/Y                         |  v   | saradc0/FE_PHN8389_n_163                           | DLY4X0P5MA10TH  | 0.400 |  30.453 |   30.480 | 
     | saradc0/FE_PHC8388_n_163/A                         |  v   | saradc0/FE_PHN8389_n_163                           | DLY4X0P5MA10TH  | 0.000 |  30.453 |   30.480 | 
     | saradc0/FE_PHC8388_n_163/Y                         |  v   | saradc0/FE_PHN8388_n_163                           | DLY4X0P5MA10TH  | 0.396 |  30.849 |   30.877 | 
     | saradc0/FE_PHC8386_n_163/A                         |  v   | saradc0/FE_PHN8388_n_163                           | DLY4X0P5MA10TH  | 0.000 |  30.849 |   30.877 | 
     | saradc0/FE_PHC8386_n_163/Y                         |  v   | saradc0/FE_PHN8386_n_163                           | DLY4X0P5MA10TH  | 0.399 |  31.248 |   31.276 | 
     | saradc0/FE_PHC8385_n_163/A                         |  v   | saradc0/FE_PHN8386_n_163                           | DLY4X0P5MA10TH  | 0.000 |  31.248 |   31.276 | 
     | saradc0/FE_PHC8385_n_163/Y                         |  v   | saradc0/FE_PHN8385_n_163                           | DLY4X0P5MA10TH  | 0.394 |  31.642 |   31.669 | 
     | saradc0/FE_PHC8383_n_163/A                         |  v   | saradc0/FE_PHN8385_n_163                           | DLY4X0P5MA10TH  | 0.000 |  31.642 |   31.669 | 
     | saradc0/FE_PHC8383_n_163/Y                         |  v   | saradc0/FE_PHN8383_n_163                           | DLY4X0P5MA10TH  | 0.398 |  32.040 |   32.068 | 
     | saradc0/FE_PHC8382_n_163/A                         |  v   | saradc0/FE_PHN8383_n_163                           | DLY4X0P5MA10TH  | 0.000 |  32.040 |   32.068 | 
     | saradc0/FE_PHC8382_n_163/Y                         |  v   | saradc0/FE_PHN8382_n_163                           | DLY4X0P5MA10TH  | 0.401 |  32.441 |   32.468 | 
     | saradc0/FE_PHC8384_n_163/A                         |  v   | saradc0/FE_PHN8382_n_163                           | DLY4X0P5MA10TH  | 0.000 |  32.441 |   32.468 | 
     | saradc0/FE_PHC8384_n_163/Y                         |  v   | saradc0/FE_PHN8384_n_163                           | DLY4X0P5MA10TH  | 0.402 |  32.843 |   32.871 | 
     | saradc0/FE_PHC8380_n_163/A                         |  v   | saradc0/FE_PHN8384_n_163                           | DLY4X0P5MA10TH  | 0.000 |  32.843 |   32.871 | 
     | saradc0/FE_PHC8380_n_163/Y                         |  v   | saradc0/FE_PHN8380_n_163                           | DLY4X0P5MA10TH  | 0.404 |  33.247 |   33.275 | 
     | saradc0/FE_PHC8375_n_163/A                         |  v   | saradc0/FE_PHN8380_n_163                           | BUFX1MA10TH     | 0.000 |  33.247 |   33.275 | 
     | saradc0/FE_PHC8375_n_163/Y                         |  v   | saradc0/FE_PHN8375_n_163                           | BUFX1MA10TH     | 0.117 |  33.364 |   33.392 | 
     | saradc0/FE_PHC8376_n_163/A                         |  v   | saradc0/FE_PHN8375_n_163                           | DLY4X0P5MA10TH  | 0.000 |  33.364 |   33.392 | 
     | saradc0/FE_PHC8376_n_163/Y                         |  v   | saradc0/FE_PHN8376_n_163                           | DLY4X0P5MA10TH  | 0.415 |  33.779 |   33.806 | 
     | saradc0/FE_PHC8366_n_163/A                         |  v   | saradc0/FE_PHN8376_n_163                           | DLY4X0P5MA10TH  | 0.000 |  33.779 |   33.807 | 
     | saradc0/FE_PHC8366_n_163/Y                         |  v   | saradc0/FE_PHN8366_n_163                           | DLY4X0P5MA10TH  | 0.414 |  34.193 |   34.220 | 
     | saradc0/FE_PHC8371_n_163/A                         |  v   | saradc0/FE_PHN8366_n_163                           | DLY4X0P5MA10TH  | 0.000 |  34.193 |   34.220 | 
     | saradc0/FE_PHC8371_n_163/Y                         |  v   | saradc0/FE_PHN8371_n_163                           | DLY4X0P5MA10TH  | 0.396 |  34.589 |   34.617 | 
     | saradc0/FE_PHC8369_n_163/A                         |  v   | saradc0/FE_PHN8371_n_163                           | DLY4X0P5MA10TH  | 0.000 |  34.589 |   34.617 | 
     | saradc0/FE_PHC8369_n_163/Y                         |  v   | saradc0/FE_PHN8369_n_163                           | DLY4X0P5MA10TH  | 0.403 |  34.992 |   35.019 | 
     | saradc0/FE_PHC8367_n_163/A                         |  v   | saradc0/FE_PHN8369_n_163                           | DLY4X0P5MA10TH  | 0.000 |  34.992 |   35.019 | 
     | saradc0/FE_PHC8367_n_163/Y                         |  v   | saradc0/FE_PHN8367_n_163                           | DLY4X0P5MA10TH  | 0.400 |  35.392 |   35.420 | 
     | saradc0/FE_PHC8370_n_163/A                         |  v   | saradc0/FE_PHN8367_n_163                           | DLY4X0P5MA10TH  | 0.000 |  35.392 |   35.420 | 
     | saradc0/FE_PHC8370_n_163/Y                         |  v   | saradc0/FE_PHN8370_n_163                           | DLY4X0P5MA10TH  | 0.408 |  35.800 |   35.828 | 
     | saradc0/FE_PHC8368_n_163/A                         |  v   | saradc0/FE_PHN8370_n_163                           | DLY4X0P5MA10TH  | 0.000 |  35.800 |   35.828 | 
     | saradc0/FE_PHC8368_n_163/Y                         |  v   | saradc0/FE_PHN8368_n_163                           | DLY4X0P5MA10TH  | 0.414 |  36.214 |   36.242 | 
     | saradc0/FE_PHC8373_n_163/A                         |  v   | saradc0/FE_PHN8368_n_163                           | DLY4X0P5MA10TH  | 0.000 |  36.214 |   36.242 | 
     | saradc0/FE_PHC8373_n_163/Y                         |  v   | saradc0/FE_PHN8373_n_163                           | DLY4X0P5MA10TH  | 0.405 |  36.620 |   36.647 | 
     | saradc0/FE_PHC8365_n_163/A                         |  v   | saradc0/FE_PHN8373_n_163                           | DLY4X0P5MA10TH  | 0.000 |  36.620 |   36.647 | 
     | saradc0/FE_PHC8365_n_163/Y                         |  v   | saradc0/FE_PHN8365_n_163                           | DLY4X0P5MA10TH  | 0.408 |  37.028 |   37.055 | 
     | saradc0/FE_PHC8372_n_163/A                         |  v   | saradc0/FE_PHN8365_n_163                           | DLY4X0P5MA10TH  | 0.000 |  37.028 |   37.055 | 
     | saradc0/FE_PHC8372_n_163/Y                         |  v   | saradc0/FE_PHN8372_n_163                           | DLY4X0P5MA10TH  | 0.407 |  37.435 |   37.462 | 
     | saradc0/FE_PHC8357_n_163/A                         |  v   | saradc0/FE_PHN8372_n_163                           | DLY4X0P5MA10TH  | 0.000 |  37.435 |   37.462 | 
     | saradc0/FE_PHC8357_n_163/Y                         |  v   | saradc0/FE_PHN8357_n_163                           | DLY4X0P5MA10TH  | 0.395 |  37.829 |   37.857 | 
     | saradc0/FE_PHC8359_n_163/A                         |  v   | saradc0/FE_PHN8357_n_163                           | DLY4X0P5MA10TH  | 0.000 |  37.829 |   37.857 | 
     | saradc0/FE_PHC8359_n_163/Y                         |  v   | saradc0/FE_PHN8359_n_163                           | DLY4X0P5MA10TH  | 0.399 |  38.229 |   38.256 | 
     | saradc0/FE_PHC8363_n_163/A                         |  v   | saradc0/FE_PHN8359_n_163                           | DLY4X0P5MA10TH  | 0.000 |  38.229 |   38.256 | 
     | saradc0/FE_PHC8363_n_163/Y                         |  v   | saradc0/FE_PHN8363_n_163                           | DLY4X0P5MA10TH  | 0.398 |  38.627 |   38.655 | 
     | saradc0/FE_PHC8360_n_163/A                         |  v   | saradc0/FE_PHN8363_n_163                           | DLY4X0P5MA10TH  | 0.000 |  38.627 |   38.655 | 
     | saradc0/FE_PHC8360_n_163/Y                         |  v   | saradc0/FE_PHN8360_n_163                           | DLY4X0P5MA10TH  | 0.397 |  39.024 |   39.052 | 
     | saradc0/FE_PHC8358_n_163/A                         |  v   | saradc0/FE_PHN8360_n_163                           | DLY4X0P5MA10TH  | 0.000 |  39.024 |   39.052 | 
     | saradc0/FE_PHC8358_n_163/Y                         |  v   | saradc0/FE_PHN8358_n_163                           | DLY4X0P5MA10TH  | 0.394 |  39.418 |   39.445 | 
     | saradc0/FE_PHC8374_n_163/A                         |  v   | saradc0/FE_PHN8358_n_163                           | DLY4X0P5MA10TH  | 0.000 |  39.418 |   39.445 | 
     | saradc0/FE_PHC8374_n_163/Y                         |  v   | saradc0/FE_PHN8374_n_163                           | DLY4X0P5MA10TH  | 0.400 |  39.818 |   39.845 | 
     | saradc0/FE_PHC8362_n_163/A                         |  v   | saradc0/FE_PHN8374_n_163                           | DLY4X0P5MA10TH  | 0.000 |  39.818 |   39.845 | 
     | saradc0/FE_PHC8362_n_163/Y                         |  v   | saradc0/FE_PHN8362_n_163                           | DLY4X0P5MA10TH  | 0.398 |  40.216 |   40.243 | 
     | saradc0/FE_PHC8356_n_163/A                         |  v   | saradc0/FE_PHN8362_n_163                           | DLY4X0P5MA10TH  | 0.000 |  40.216 |   40.243 | 
     | saradc0/FE_PHC8356_n_163/Y                         |  v   | saradc0/FE_PHN8356_n_163                           | DLY4X0P5MA10TH  | 0.398 |  40.613 |   40.641 | 
     | saradc0/FE_PHC8353_n_163/A                         |  v   | saradc0/FE_PHN8356_n_163                           | DLY4X0P5MA10TH  | 0.000 |  40.613 |   40.641 | 
     | saradc0/FE_PHC8353_n_163/Y                         |  v   | saradc0/FE_PHN8353_n_163                           | DLY4X0P5MA10TH  | 0.415 |  41.028 |   41.056 | 
     | saradc0/FE_PHC8350_n_163/A                         |  v   | saradc0/FE_PHN8353_n_163                           | DLY4X0P5MA10TH  | 0.000 |  41.028 |   41.056 | 
     | saradc0/FE_PHC8350_n_163/Y                         |  v   | saradc0/FE_PHN8350_n_163                           | DLY4X0P5MA10TH  | 0.412 |  41.440 |   41.468 | 
     | saradc0/FE_PHC8351_n_163/A                         |  v   | saradc0/FE_PHN8350_n_163                           | DLY4X0P5MA10TH  | 0.000 |  41.440 |   41.468 | 
     | saradc0/FE_PHC8351_n_163/Y                         |  v   | saradc0/FE_PHN8351_n_163                           | DLY4X0P5MA10TH  | 0.410 |  41.851 |   41.878 | 
     | saradc0/FE_PHC8352_n_163/A                         |  v   | saradc0/FE_PHN8351_n_163                           | DLY4X0P5MA10TH  | 0.000 |  41.851 |   41.878 | 
     | saradc0/FE_PHC8352_n_163/Y                         |  v   | saradc0/FE_PHN8352_n_163                           | DLY4X0P5MA10TH  | 0.400 |  42.251 |   42.279 | 
     | saradc0/g2837/B                                    |  v   | saradc0/FE_PHN8352_n_163                           | NAND2X0P5AA10TH | 0.000 |  42.251 |   42.279 | 
     +---------------------------------------------------------------------------------------------------------------------------------------------------------------+ 

