###############################################################
#  Generated by:      Cadence Innovus 20.12-s088_1
#  OS:                Linux x86_64(Host ID atlas)
#  Generated on:      Tue Nov 18 13:52:02 2025
#  Design:            MCU
#  Command:           report_timing > $REPORT_DIR/$DESIGN_NAME.report_timing.setup.signoff.rpt
###############################################################
Path 1: VIOLATED Clock Gating Setup Check with Pin adddec0/gen_flash_clk.cg_
flash/CG1/CK 
Endpoint:   adddec0/gen_flash_clk.cg_flash/CG1/E (v) checked with trailing edge 
of 'clk_cpu'
Beginpoint: rom0/Q[0]                            (v) triggered by  leading edge 
of 'clk_cpu'
Path Groups: {clock_gating_default}
Analysis View: setup_analysis_view
Other End Arrival Time         14.128
- Clock Gating Setup            0.223
+ Phase Shift                   0.000
+ CPPR Adjustment               0.000
= Required Time                13.905
- Arrival Time                 13.924
= Slack Time                   -0.019
     Clock Rise Edge                 0.000
     + Clock Network Latency (Prop)  0.025
     = Beginpoint Arrival Time       0.025
     +----------------------------------------------------------------------------------------------------------------------+ 
     |                      Instance                      |       Arc       |       Cell       | Delay | Arrival | Required | 
     |                                                    |                 |                  |       |  Time   |   Time   | 
     |----------------------------------------------------+-----------------+------------------+-------+---------+----------| 
     | rom0                                               | CLK ^           |                  |       |   0.025 |    0.007 | 
     | rom0                                               | CLK ^ -> Q[0] v | rom_hvt_pg       | 3.036 |   3.061 |    3.042 | 
     | adddec0/FE_RC_572_0                                | B0 v -> Y ^     | AOI22X6MA10TH    | 0.058 |   3.120 |    3.101 | 
     | adddec0/FE_RC_570_0                                | A ^ -> Y v      | NAND2XBX2MA10TH  | 0.039 |   3.159 |    3.140 | 
     | adddec0/FE_OFC5492_FE_RN_336_0                     | A v -> Y ^      | INVX1P7BA10TH    | 0.030 |   3.188 |    3.170 | 
     | adddec0/g11716__2398                               | B ^ -> Y v      | NAND3X2MA10TH    | 0.050 |   3.238 |    3.220 | 
     | adddec0/g11664__8428                               | C0 v -> Y ^     | AOI221X3MA10TH   | 0.080 |   3.318 |    3.300 | 
     | adddec0/FE_RC_525_0                                | A ^ -> Y v      | NAND3X2AA10TH    | 0.066 |   3.384 |    3.365 | 
     | adddec0/FE_RC_559_0                                | A v -> Y ^      | NOR2XBX2MA10TH   | 0.057 |   3.441 |    3.422 | 
     | adddec0/g11578__6260                               | A ^ -> Y v      | NAND3X2MA10TH    | 0.056 |   3.496 |    3.478 | 
     | core/FE_OFC2671_read_data_0                        | A v -> Y v      | BUFHX5MA10TH     | 0.087 |   3.583 |    3.565 | 
     | core/FE_RC_527_0                                   | C0 v -> Y ^     | AOI222X4MA10TH   | 0.091 |   3.674 |    3.655 | 
     | core/c_dec_inst/FE_OFC1856_n_519                   | A ^ -> Y v      | INVX3MA10TH      | 0.060 |   3.734 |    3.715 | 
     | core/c_dec_inst/g9813                              | B v -> Y ^      | NOR3X2MA10TH     | 0.106 |   3.840 |    3.821 | 
     | core/c_dec_inst/g9801                              | A ^ -> Y ^      | AND2X2MA10TH     | 0.115 |   3.955 |    3.936 | 
     | core/c_dec_inst/g9788                              | A ^ -> Y v      | NAND2X2MA10TH    | 0.043 |   3.998 |    3.979 | 
     | core/c_dec_inst/FE_OFC5427_n_54                    | A v -> Y ^      | INVX2MA10TH      | 0.067 |   4.065 |    4.047 | 
     | core/c_dec_inst/g9760__4733                        | A ^ -> Y v      | NOR2X3AA10TH     | 0.044 |   4.109 |    4.090 | 
     | core/c_dec_inst/g9744__8428                        | A v -> Y v      | AND2X4MA10TH     | 0.076 |   4.185 |    4.166 | 
     | core/c_dec_inst/FE_RC_566_0                        | A v -> Y ^      | NAND3X2AA10TH    | 0.054 |   4.238 |    4.220 | 
     | core/c_dec_inst/FE_RC_555_0                        | A0 ^ -> Y v     | AOI21X2MA10TH    | 0.054 |   4.292 |    4.273 | 
     | core/c_dec_inst/g9654__6783                        | A v -> Y ^      | NAND2X1BA10TH    | 0.045 |   4.337 |    4.318 | 
     | core/FE_RC_535_0                                   | B0 ^ -> Y ^     | AO1B2X4MA10TH    | 0.128 |   4.465 |    4.446 | 
     | core/datapath_inst/rf/g49278                       | AN ^ -> Y ^     | NOR2BX8MA10TH    | 0.190 |   4.655 |    4.636 | 
     | core/datapath_inst/rf/g49259                       | A ^ -> Y ^      | AND2X6MA10TH     | 0.147 |   4.802 |    4.783 | 
     | core/datapath_inst/rf/g48984                       | B0 ^ -> Y v     | AOI22X2MA10TH    | 0.052 |   4.853 |    4.834 | 
     | core/datapath_inst/rf/g48519                       | C v -> Y ^      | NAND4X2MA10TH    | 0.171 |   5.024 |    5.005 | 
     | core/datapath_inst/rf/g48465                       | C0 ^ -> Y v     | AOI221X2MA10TH   | 0.065 |   5.089 |    5.071 | 
     | core/datapath_inst/rf/g48438                       | A v -> Y ^      | NAND3X1P4MA10TH  | 0.075 |   5.164 |    5.146 | 
     | core/datapath_inst/rf/g48403                       | A0 ^ -> Y v     | AOI22X2MA10TH    | 0.079 |   5.243 |    5.225 | 
     | core/datapath_inst/rf/g48371                       | A v -> Y ^      | NAND4X4MA10TH    | 0.098 |   5.342 |    5.323 | 
     | core/datapath_inst/rf/g48345                       | C0 ^ -> Y v     | AOI221X4MA10TH   | 0.083 |   5.424 |    5.406 | 
     | core/datapath_inst/rf/g48322                       | A v -> Y ^      | NAND4X4AA10TH    | 0.088 |   5.513 |    5.494 | 
     | core/datapath_inst/g2197                           | B0 ^ -> Y v     | AOI22X2MA10TH    | 0.064 |   5.576 |    5.558 | 
     | core/datapath_inst/g2156                           | B0N v -> Y ^    | AO21BX2MA10TH    | 0.058 |   5.634 |    5.615 | 
     | core/datapath_inst/mainalu/FE_OFC4987_n_213        | A ^ -> Y ^      | BUFX9MA10TH      | 0.098 |   5.732 |    5.713 | 
     | core/datapath_inst/mainalu/FE_OFC7756_n_213        | A ^ -> Y v      | INVX5BA10TH      | 0.058 |   5.790 |    5.771 | 
     | core/datapath_inst/mainalu/mul_260_70_Y_mul_251_62 | A0 v -> Y ^     | AOI22X3MA10TH    | 0.099 |   5.888 |    5.870 | 
     | _Y_mul_257_64_g49547                               |                 |                  |       |         |          | 
     | core/datapath_inst/mainalu/mul_260_70_Y_mul_251_62 | B ^ -> Y v      | NAND2X6MA10TH    | 0.073 |   5.961 |    5.942 | 
     | _Y_mul_257_64_g49451                               |                 |                  |       |         |          | 
     | core/datapath_inst/mainalu/FE_OFC4726_mul_260_70_Y | A v -> Y v      | BUFX2BA10TH      | 0.243 |   6.205 |    6.186 | 
     | _mul_251_62_Y_mul_257_64_n_759                     |                 |                  |       |         |          | 
     | core/datapath_inst/mainalu/mul_260_70_Y_mul_251_62 | A0 v -> Y ^     | OAI22X1MA10TH    | 0.180 |   6.385 |    6.366 | 
     | _Y_mul_257_64_g48897                               |                 |                  |       |         |          | 
     | core/datapath_inst/mainalu/mul_260_70_Y_mul_251_62 | A ^ -> S v      | ADDHX1MA10TH     | 0.192 |   6.577 |    6.558 | 
     | _Y_mul_257_64_g48822                               |                 |                  |       |         |          | 
     | core/datapath_inst/mainalu/mul_260_70_Y_mul_251_62 | CI v -> CO v    | ADDFX1MA10TH     | 0.140 |   6.717 |    6.698 | 
     | _Y_mul_257_64_g48682                               |                 |                  |       |         |          | 
     | core/datapath_inst/mainalu/mul_260_70_Y_mul_251_62 | CI v -> S v     | ADDFX1MA10TH     | 0.223 |   6.940 |    6.921 | 
     | _Y_mul_257_64_g48557                               |                 |                  |       |         |          | 
     | core/datapath_inst/mainalu/mul_260_70_Y_mul_251_62 | A v -> S ^      | ADDFX1MA10TH     | 0.270 |   7.210 |    7.191 | 
     | _Y_mul_257_64_g48508                               |                 |                  |       |         |          | 
     | core/datapath_inst/mainalu/FE_RC_477_0             | A ^ -> Y v      | NAND2X1MA10TH    | 0.069 |   7.279 |    7.260 | 
     | core/datapath_inst/mainalu/FE_RC_476_0             | B v -> Y ^      | NAND2X2AA10TH    | 0.059 |   7.337 |    7.319 | 
     | core/datapath_inst/mainalu/FE_RC_459_0             | A ^ -> Y v      | NAND2X2AA10TH    | 0.040 |   7.377 |    7.359 | 
     | core/datapath_inst/mainalu/FE_RC_458_0             | A v -> Y ^      | NAND2X2BA10TH    | 0.042 |   7.419 |    7.401 | 
     | core/datapath_inst/mainalu/FE_RC_97_0              | B ^ -> Y v      | NAND2X2BA10TH    | 0.041 |   7.460 |    7.441 | 
     | core/datapath_inst/mainalu/FE_RC_177_0             | A v -> Y ^      | NAND2X2MA10TH    | 0.054 |   7.514 |    7.495 | 
     | core/datapath_inst/mainalu/FE_RC_161_0             | B ^ -> Y v      | NAND2X2BA10TH    | 0.049 |   7.563 |    7.544 | 
     | core/datapath_inst/mainalu/FE_RC_160_0             | A v -> Y ^      | NAND2X2MA10TH    | 0.052 |   7.615 |    7.596 | 
     | core/datapath_inst/mainalu/FE_RC_142_0             | B ^ -> Y v      | NAND2X2AA10TH    | 0.045 |   7.660 |    7.641 | 
     | core/datapath_inst/mainalu/FE_RC_141_0             | A v -> Y ^      | NAND2X2BA10TH    | 0.042 |   7.702 |    7.684 | 
     | core/datapath_inst/mainalu/FE_RC_363_0             | B ^ -> Y v      | NAND2X2BA10TH    | 0.043 |   7.745 |    7.726 | 
     | core/datapath_inst/mainalu/FE_RC_362_0             | A0N v -> Y ^    | AO1B2X2MA10TH    | 0.039 |   7.784 |    7.765 | 
     | core/datapath_inst/mainalu/FE_RC_121_0             | B ^ -> Y v      | NAND2X1BA10TH    | 0.052 |   7.836 |    7.817 | 
     | core/datapath_inst/mainalu/FE_RC_120_0             | A v -> Y ^      | NAND2X2MA10TH    | 0.056 |   7.892 |    7.873 | 
     | core/datapath_inst/mainalu/FE_RC_665_0             | A ^ -> Y v      | NAND2X2BA10TH    | 0.048 |   7.939 |    7.921 | 
     | core/datapath_inst/mainalu/FE_RC_339_0             | B0N v -> Y ^    | AO21BX3MA10TH    | 0.039 |   7.979 |    7.960 | 
     | core/datapath_inst/mainalu/FE_RC_514_0             | A ^ -> Y v      | NAND2X2BA10TH    | 0.038 |   8.017 |    7.998 | 
     | core/datapath_inst/mainalu/FE_RC_513_0             | A v -> Y ^      | NAND2X2BA10TH    | 0.041 |   8.058 |    8.039 | 
     | core/datapath_inst/mainalu/FE_RC_580_0             | B ^ -> Y v      | NAND2X2BA10TH    | 0.041 |   8.099 |    8.081 | 
     | core/datapath_inst/mainalu/FE_RC_579_0             | A v -> Y ^      | NAND2X2BA10TH    | 0.045 |   8.144 |    8.125 | 
     | core/datapath_inst/mainalu/FE_RC_718_0             | B ^ -> Y v      | NAND2X2MA10TH    | 0.042 |   8.186 |    8.167 | 
     | core/datapath_inst/mainalu/FE_RC_717_0             | B0N v -> Y ^    | AO21BX2MA10TH    | 0.039 |   8.225 |    8.207 | 
     | core/datapath_inst/mainalu/FE_RC_584_0             | B ^ -> Y v      | NAND2X2BA10TH    | 0.043 |   8.268 |    8.250 | 
     | core/datapath_inst/mainalu/FE_RC_583_0             | A v -> Y ^      | NAND2X2AA10TH    | 0.045 |   8.313 |    8.295 | 
     | core/datapath_inst/mainalu/FE_RC_676_0             | A ^ -> Y v      | NAND2XBX2MA10TH  | 0.038 |   8.352 |    8.333 | 
     | core/datapath_inst/mainalu/FE_RC_675_0             | B0N v -> Y ^    | AO21BX2MA10TH    | 0.042 |   8.393 |    8.375 | 
     | core/datapath_inst/mainalu/FE_RC_232_0             | B ^ -> Y v      | NAND2X1BA10TH    | 0.057 |   8.450 |    8.432 | 
     | core/datapath_inst/mainalu/FE_RC_231_0             | A v -> Y ^      | NAND2XBX2MA10TH  | 0.056 |   8.507 |    8.488 | 
     | core/datapath_inst/mainalu/FE_RC_474_0             | A ^ -> Y v      | NAND2X2MA10TH    | 0.043 |   8.549 |    8.531 | 
     | core/datapath_inst/mainalu/FE_RC_473_0             | A v -> Y ^      | NAND2X2BA10TH    | 0.039 |   8.589 |    8.570 | 
     | core/datapath_inst/mainalu/FE_RC_89_0              | B ^ -> Y v      | NAND2X2MA10TH    | 0.040 |   8.628 |    8.610 | 
     | core/datapath_inst/mainalu/FE_RC_88_0              | A v -> Y ^      | NAND2X2MA10TH    | 0.056 |   8.684 |    8.665 | 
     | core/datapath_inst/mainalu/FE_RC_151_0             | A ^ -> Y v      | NAND2X2BA10TH    | 0.054 |   8.738 |    8.719 | 
     | core/datapath_inst/mainalu/FE_RC_150_0             | A v -> Y ^      | NAND2XBX4MA10TH  | 0.048 |   8.786 |    8.767 | 
     | core/datapath_inst/mainalu/FE_RC_700_0             | A0 ^ -> Y ^     | AO21BX6MA10TH    | 0.095 |   8.881 |    8.862 | 
     | core/datapath_inst/mainalu/FE_RC_170_0             | B ^ -> Y v      | NAND2X3BA10TH    | 0.036 |   8.917 |    8.898 | 
     | core/datapath_inst/mainalu/FE_RC_169_0             | A v -> Y ^      | NAND2X2BA10TH    | 0.041 |   8.958 |    8.939 | 
     | core/datapath_inst/mainalu/FE_RC_512_0             | A ^ -> Y v      | NAND2X2MA10TH    | 0.037 |   8.995 |    8.976 | 
     | core/datapath_inst/mainalu/FE_RC_519_0             | A v -> Y ^      | NAND2X2BA10TH    | 0.044 |   9.039 |    9.021 | 
     | core/datapath_inst/mainalu/FE_RC_334_0             | A ^ -> Y v      | NAND2X2MA10TH    | 0.040 |   9.080 |    9.061 | 
     | core/datapath_inst/mainalu/FE_RC_333_0             | A v -> Y ^      | NAND2XBX2MA10TH  | 0.054 |   9.134 |    9.115 | 
     | core/datapath_inst/mainalu/FE_RC_326_0             | A ^ -> Y v      | NAND2X2MA10TH    | 0.044 |   9.178 |    9.159 | 
     | core/datapath_inst/mainalu/FE_RC_325_0             | A v -> Y ^      | NAND2X2MA10TH    | 0.052 |   9.230 |    9.211 | 
     | core/datapath_inst/mainalu/FE_RC_440_0             | A ^ -> Y v      | NAND2X2BA10TH    | 0.055 |   9.285 |    9.266 | 
     | core/datapath_inst/mainalu/FE_RC_439_0             | A v -> Y ^      | NAND2X4BA10TH    | 0.043 |   9.328 |    9.309 | 
     | core/datapath_inst/mainalu/FE_RC_667_0             | A ^ -> Y v      | NAND2X4BA10TH    | 0.037 |   9.364 |    9.346 | 
     | core/datapath_inst/mainalu/FE_RC_427_0             | B0N v -> Y ^    | AO21BX4MA10TH    | 0.034 |   9.399 |    9.380 | 
     | core/datapath_inst/mainalu/FE_RC_496_0             | A ^ -> Y v      | NAND2X3BA10TH    | 0.041 |   9.440 |    9.421 | 
     | core/datapath_inst/mainalu/FE_RC_495_0             | B0N v -> Y ^    | AO21BX4MA10TH    | 0.040 |   9.480 |    9.461 | 
     | core/datapath_inst/mainalu/FE_RC_500_0             | A ^ -> Y v      | NAND2XBX4MA10TH  | 0.034 |   9.514 |    9.495 | 
     | core/datapath_inst/mainalu/FE_RC_499_0             | A v -> Y ^      | NAND2X3BA10TH    | 0.040 |   9.553 |    9.535 | 
     | core/datapath_inst/mainalu/FE_RC_307_0             | A ^ -> Y v      | NAND2X3BA10TH    | 0.044 |   9.597 |    9.579 | 
     | core/datapath_inst/mainalu/FE_RC_306_0             | A v -> Y ^      | NAND2XBX4MA10TH  | 0.043 |   9.641 |    9.622 | 
     | core/datapath_inst/mainalu/FE_RC_300_0             | A ^ -> Y v      | NAND2X2BA10TH    | 0.041 |   9.682 |    9.663 | 
     | core/datapath_inst/mainalu/FE_RC_299_0             | A v -> Y ^      | NAND2XBX3MA10TH  | 0.055 |   9.737 |    9.718 | 
     | core/datapath_inst/mainalu/FE_RC_328_0             | A ^ -> Y v      | NAND2X3BA10TH    | 0.048 |   9.785 |    9.767 | 
     | core/datapath_inst/mainalu/FE_RC_327_0             | A v -> Y ^      | NAND2X4BA10TH    | 0.042 |   9.827 |    9.808 | 
     | core/datapath_inst/mainalu/FE_RC_332_0             | A ^ -> Y v      | NAND2X2BA10TH    | 0.037 |   9.864 |    9.845 | 
     | core/datapath_inst/mainalu/FE_RC_331_0             | A v -> Y ^      | NAND2X2AA10TH    | 0.047 |   9.911 |    9.892 | 
     | core/datapath_inst/mainalu/FE_RC_304_0             | A ^ -> Y v      | NAND2X2BA10TH    | 0.047 |   9.958 |    9.939 | 
     | core/datapath_inst/mainalu/FE_RC_303_0             | A v -> Y ^      | NAND2XBX3MA10TH  | 0.051 |  10.009 |    9.990 | 
     | core/datapath_inst/mainalu/FE_RC_337_0             | A ^ -> Y v      | NAND2X2BA10TH    | 0.041 |  10.050 |   10.032 | 
     | core/datapath_inst/mainalu/FE_RC_336_0             | A v -> Y ^      | NAND2X2BA10TH    | 0.045 |  10.095 |   10.076 | 
     | core/datapath_inst/mainalu/FE_RC_396_0             | B ^ -> Y v      | NAND2X2MA10TH    | 0.041 |  10.136 |   10.118 | 
     | core/datapath_inst/mainalu/FE_RC_471_0             | A v -> Y ^      | NAND2X2BA10TH    | 0.044 |  10.180 |   10.161 | 
     | core/datapath_inst/mainalu/FE_RC_578_0             | B ^ -> Y v      | NAND2X2BA10TH    | 0.049 |  10.229 |   10.210 | 
     | core/datapath_inst/mainalu/FE_RC_577_0_dup         | A v -> Y ^      | NAND2X2AA10TH    | 0.044 |  10.273 |   10.254 | 
     | core/datapath_inst/mainalu/FE_RC_621_0             | B ^ -> Y v      | NAND2X2BA10TH    | 0.057 |  10.330 |   10.311 | 
     | core/datapath_inst/mainalu/FE_RC_620_0             | B0N v -> Y ^    | AO21BX4MA10TH    | 0.044 |  10.374 |   10.355 | 
     | core/datapath_inst/mainalu/FE_RC_713_0             | A1 ^ -> Y ^     | AO21BX6MA10TH    | 0.095 |  10.469 |   10.450 | 
     | core/datapath_inst/mainalu/FE_RC_456_0             | A ^ -> Y v      | NAND2X2MA10TH    | 0.036 |  10.505 |   10.486 | 
     | core/datapath_inst/mainalu/FE_RC_455_0             | A v -> Y ^      | NAND2X2BA10TH    | 0.046 |  10.550 |   10.532 | 
     | core/datapath_inst/mainalu/FE_RC_354_0             | A ^ -> Y v      | NAND2X2MA10TH    | 0.040 |  10.590 |   10.571 | 
     | core/datapath_inst/mainalu/FE_RC_353_0             | A v -> Y ^      | NAND2X2BA10TH    | 0.044 |  10.634 |   10.615 | 
     | core/datapath_inst/mainalu/FE_RC_494_0             | A ^ -> Y v      | NAND2X2BA10TH    | 0.039 |  10.673 |   10.655 | 
     | core/datapath_inst/mainalu/FE_RC_503_0             | A v -> Y ^      | NAND2X2BA10TH    | 0.046 |  10.719 |   10.701 | 
     | core/datapath_inst/mainalu/FE_RC_453_0             | A ^ -> Y v      | NAND2X2BA10TH    | 0.045 |  10.765 |   10.746 | 
     | core/datapath_inst/mainalu/FE_RC_452_0             | A v -> Y ^      | NAND2X3MA10TH    | 0.054 |  10.819 |   10.801 | 
     | core/datapath_inst/mainalu/FE_RC_601_0             | B ^ -> Y v      | NAND2X2BA10TH    | 0.052 |  10.871 |   10.852 | 
     | core/datapath_inst/mainalu/FE_RC_668_0             | A v -> Y ^      | NAND3X4MA10TH    | 0.055 |  10.926 |   10.908 | 
     | core/datapath_inst/mainalu/FE_RC_582_0             | B ^ -> Y v      | NAND2X2BA10TH    | 0.048 |  10.974 |   10.956 | 
     | core/datapath_inst/mainalu/FE_RC_581_0             | A v -> Y ^      | NAND2X2BA10TH    | 0.051 |  11.025 |   11.006 | 
     | core/datapath_inst/mainalu/FE_RC_608_0             | A ^ -> Y v      | NAND2XBX3MA10TH  | 0.040 |  11.065 |   11.047 | 
     | core/datapath_inst/mainalu/FE_RC_693_0             | A v -> Y ^      | NAND2X3MA10TH    | 0.051 |  11.117 |   11.098 | 
     | core/datapath_inst/mainalu/FE_RC_686_0             | B ^ -> Y v      | NAND2X2BA10TH    | 0.046 |  11.162 |   11.144 | 
     | core/datapath_inst/mainalu/FE_RC_685_0             | A v -> Y ^      | NAND2X2BA10TH    | 0.046 |  11.208 |   11.190 | 
     | core/datapath_inst/mainalu/FE_RC_684_0             | A ^ -> Y v      | NAND2X2MA10TH    | 0.038 |  11.247 |   11.228 | 
     | core/datapath_inst/mainalu/FE_RC_683_0             | B0N v -> Y ^    | AO21BX2MA10TH    | 0.046 |  11.293 |   11.274 | 
     | core/datapath_inst/mainalu/FE_RC_450_0             | A ^ -> Y v      | NAND2X2BA10TH    | 0.043 |  11.336 |   11.317 | 
     | core/datapath_inst/mainalu/FE_RC_449_0             | A v -> Y ^      | NAND2X2BA10TH    | 0.042 |  11.377 |   11.359 | 
     | core/datapath_inst/mainalu/FE_RC_462_0             | A ^ -> Y v      | NAND2X2MA10TH    | 0.037 |  11.414 |   11.395 | 
     | core/datapath_inst/mainalu/FE_RC_461_0             | A v -> Y ^      | NAND2X2BA10TH    | 0.044 |  11.458 |   11.439 | 
     | core/datapath_inst/mainalu/FE_RC_420_0             | B ^ -> Y v      | NAND2X2AA10TH    | 0.041 |  11.499 |   11.480 | 
     | core/datapath_inst/mainalu/FE_RC_419_0             | A v -> Y ^      | NAND2X2AA10TH    | 0.047 |  11.545 |   11.527 | 
     | core/datapath_inst/mainalu/FE_RC_240_0             | B ^ -> Y v      | NAND2X1BA10TH    | 0.052 |  11.597 |   11.578 | 
     | core/datapath_inst/mainalu/FE_RC_239_0             | A v -> Y ^      | NAND2X2MA10TH    | 0.045 |  11.643 |   11.624 | 
     | core/datapath_inst/mainalu/mul_260_70_Y_mul_251_62 | CI ^ -> CO ^    | ADDFX1MA10TH     | 0.124 |  11.767 |   11.748 | 
     | _Y_mul_257_64_g48256                               |                 |                  |       |         |          | 
     | core/datapath_inst/mainalu/mul_260_70_Y_mul_251_62 | CI ^ -> S v     | ADDFX1MA10TH     | 0.232 |  11.999 |   11.980 | 
     | _Y_mul_257_64_g48255                               |                 |                  |       |         |          | 
     | core/datapath_inst/mainalu/g210790                 | A0 v -> Y ^     | AOI22X2MA10TH    | 0.101 |  12.100 |   12.081 | 
     | core/datapath_inst/mainalu/FE_RC_65_0              | B ^ -> Y v      | NAND3XXBX2MA10TH | 0.071 |  12.170 |   12.152 | 
     | core/datapath_inst/mainalu/FE_RC_67_0              | A v -> Y ^      | NOR2XBX2MA10TH   | 0.054 |  12.224 |   12.206 | 
     | core/datapath_inst/mainalu/g210237                 | C0 ^ -> Y v     | OAI211X2MA10TH   | 0.048 |  12.273 |   12.254 | 
     | core/datapath_inst/mainalu/FE_RC_509_0             | AN v -> Y v     | NAND2BX3MA10TH   | 0.100 |  12.373 |   12.354 | 
     | core/datapath_inst/mainalu/FE_OFC1738_FE_OFN1644_A | A v -> Y v      | BUFHX5MA10TH     | 0.074 |  12.447 |   12.428 | 
     | LU_result_31                                       |                 |                  |       |         |          | 
     | core/datapath_inst/mainalu/FE_RC_711_0             | B v -> Y ^      | NOR2X8MA10TH     | 0.054 |  12.501 |   12.483 | 
     | core/datapath_inst/mainalu/FE_RC_710_0             | A ^ -> Y v      | NAND3XXBX6MA10TH | 0.037 |  12.539 |   12.520 | 
     | core/datapath_inst/mainalu/FE_RC_491_0             | A v -> Y ^      | INVX3P5BA10TH    | 0.034 |  12.573 |   12.554 | 
     | core/datapath_inst/mainalu/FE_RC_712_0             | A ^ -> Y v      | NAND3XXBX6MA10TH | 0.031 |  12.604 |   12.585 | 
     | core/datapath_inst/mainalu/g209639                 | A v -> Y ^      | NOR2X4MA10TH     | 0.049 |  12.653 |   12.635 | 
     | core/controller_inst/bval/g49                      | A ^ -> Y ^      | XNOR2X3MA10TH    | 0.069 |  12.723 |   12.704 | 
     | core/controller_inst/bval/FE_RC_727_0              | A ^ -> Y v      | NAND2X1MA10TH    | 0.072 |  12.795 |   12.776 | 
     | core/controller_inst/bval/FE_RC_726_0              | B v -> Y ^      | NAND2X2BA10TH    | 0.054 |  12.849 |   12.830 | 
     | core/controller_inst/g15                           | A0 ^ -> Y ^     | AO21X6MA10TH     | 0.086 |  12.935 |   12.916 | 
     | core/g19114                                        | A0 ^ -> Y v     | OAI211X2MA10TH   | 0.078 |  13.013 |   12.994 | 
     | core/g19079                                        | A0 v -> Y v     | OA21X6MA10TH     | 0.122 |  13.134 |   13.115 | 
     | core/FE_OFC7083_n_253                              | A v -> Y v      | BUFHX9MA10TH     | 0.083 |  13.217 |   13.198 | 
     | core/g19053                                        | B0 v -> Y ^     | AOI22X4MA10TH    | 0.063 |  13.279 |   13.261 | 
     | core/g19013                                        | A ^ -> Y v      | NAND2X2MA10TH    | 0.055 |  13.334 |   13.316 | 
     | core/g18964                                        | B1 v -> Y ^     | AOI222X4MA10TH   | 0.187 |  13.522 |   13.503 | 
     | core/g18816                                        | A0 ^ -> Y v     | OAI211X2MA10TH   | 0.100 |  13.622 |   13.603 | 
     | adddec0/g6562__1705                                | A v -> Y ^      | NOR2X2MA10TH     | 0.074 |  13.696 |   13.677 | 
     | adddec0/g6553__5107                                | C ^ -> Y v      | NAND4X4MA10TH    | 0.088 |  13.783 |   13.765 | 
     | adddec0/FE_RC_702_0                                | C v -> Y v      | OR4X8MA10TH      | 0.135 |  13.918 |   13.899 | 
     | adddec0/gen_flash_clk.cg_flash/CG1                 | E v             | PREICGX0P5BA10TH | 0.006 |  13.924 |   13.905 | 
     +----------------------------------------------------------------------------------------------------------------------+ 

