###############################################################
#  Generated by:      Cadence Innovus 20.12-s088_1
#  OS:                Linux x86_64(Host ID atlas)
#  Generated on:      Mon Nov 17 19:52:30 2025
#  Design:            MCU
#  Command:           report_timing > $REPORT_DIR/$DESIGN_NAME.report_timing.hold.signoff.rpt
###############################################################
Path 1: VIOLATED Clock Gating Hold Check with Pin saradc0/g2837/A 
Endpoint:   saradc0/g2837/B                                  (^) checked with  
leading edge of 'smclk'
Beginpoint: saradc0/ADC_sync_clock_phase_shift_reg_reg[12]/Q (v) triggered by 
trailing edge of 'smclk'
Path Groups: {clock_gating_default}
Analysis View: hold_analysis_view
Other End Arrival Time         -0.238
+ Clock Gating Hold             0.000
+ Phase Shift                  28.571
- CPPR Adjustment               0.000
= Required Time                28.334
  Arrival Time                 22.262
  Slack Time                   -6.071
     Clock Fall Edge                 14.286
     + Clock Network Latency (Prop)  -0.011
     = Beginpoint Arrival Time       14.275
     +-------------------------------------------------------------------------------------------------------------+ 
     |                    Instance                    |     Arc     |      Cell       | Delay | Arrival | Required | 
     |                                                |             |                 |       |  Time   |   Time   | 
     |------------------------------------------------+-------------+-----------------+-------+---------+----------| 
     | saradc0/ADC_sync_clock_phase_shift_reg_reg[12] | CK ^        |                 |       |  14.275 |   20.346 | 
     | saradc0/ADC_sync_clock_phase_shift_reg_reg[12] | CK ^ -> Q v | DFFRPQX1MA10TH  | 0.096 |  14.371 |   20.442 | 
     | saradc0/g3492                                  | A v -> Y ^  | INVX1BA10TH     | 0.016 |  14.387 |   20.458 | 
     | saradc0/FE_PHC8432_n_108                       | A ^ -> Y ^  | BUFHX1P7MA10TH  | 0.027 |  14.414 |   20.485 | 
     | saradc0/g3616                                  | B ^ -> Y ^  | AND2X4MA10TH    | 0.044 |  14.458 |   20.529 | 
     | saradc0/FE_PHC8348_n_163                       | A ^ -> Y ^  | DLY4X0P5MA10TH  | 0.127 |  14.585 |   20.656 | 
     | saradc0/FE_PHC8349_n_163                       | A ^ -> Y ^  | DLY4X0P5MA10TH  | 0.117 |  14.701 |   20.773 | 
     | saradc0/FE_PHC8354_n_163                       | A ^ -> Y ^  | DLY4X0P5MA10TH  | 0.114 |  14.816 |   20.887 | 
     | saradc0/FE_PHC8361_n_163                       | A ^ -> Y ^  | DLY4X0P5MA10TH  | 0.117 |  14.933 |   21.004 | 
     | saradc0/FE_PHC8355_n_163                       | A ^ -> Y ^  | DLY4X0P5MA10TH  | 0.114 |  15.047 |   21.118 | 
     | saradc0/FE_PHC8364_n_163                       | A ^ -> Y ^  | DLY4X0P5MA10TH  | 0.127 |  15.174 |   21.245 | 
     | saradc0/FE_PHC8377_n_163                       | A ^ -> Y ^  | DLY4X0P5MA10TH  | 0.121 |  15.295 |   21.366 | 
     | saradc0/FE_PHC8379_n_163                       | A ^ -> Y ^  | DLY4X0P5MA10TH  | 0.114 |  15.409 |   21.480 | 
     | saradc0/FE_PHC8378_n_163                       | A ^ -> Y ^  | DLY4X0P5MA10TH  | 0.114 |  15.523 |   21.594 | 
     | saradc0/FE_PHC8381_n_163                       | A ^ -> Y ^  | DLY4X0P5MA10TH  | 0.111 |  15.634 |   21.705 | 
     | saradc0/FE_PHC8387_n_163                       | A ^ -> Y ^  | DLY4X0P5MA10TH  | 0.111 |  15.745 |   21.816 | 
     | saradc0/FE_PHC8390_n_163                       | A ^ -> Y ^  | DLY4X0P5MA10TH  | 0.113 |  15.858 |   21.929 | 
     | saradc0/FE_PHC8393_n_163                       | A ^ -> Y ^  | DLY4X0P5MA10TH  | 0.120 |  15.977 |   22.049 | 
     | saradc0/FE_PHC8404_n_163                       | A ^ -> Y ^  | DLY4X0P5MA10TH  | 0.118 |  16.095 |   22.167 | 
     | saradc0/FE_PHC8392_n_163                       | A ^ -> Y ^  | DLY4X0P5MA10TH  | 0.113 |  16.209 |   22.280 | 
     | saradc0/FE_PHC8394_n_163                       | A ^ -> Y ^  | DLY4X0P5MA10TH  | 0.115 |  16.324 |   22.395 | 
     | saradc0/FE_PHC8405_n_163                       | A ^ -> Y ^  | DLY4X0P5MA10TH  | 0.112 |  16.436 |   22.507 | 
     | saradc0/FE_PHC8416_n_163                       | A ^ -> Y ^  | BUFHX0P8MA10TH  | 0.025 |  16.461 |   22.532 | 
     | saradc0/FE_PHC8419_n_163                       | A ^ -> Y ^  | BUFHX0P8MA10TH  | 0.025 |  16.486 |   22.557 | 
     | saradc0/FE_PHC8420_n_163                       | A ^ -> Y ^  | BUFHX2MA10TH    | 0.017 |  16.504 |   22.575 | 
     | saradc0/FE_PHC8417_n_163                       | A ^ -> Y ^  | BUFHX0P8MA10TH  | 0.021 |  16.525 |   22.596 | 
     | saradc0/FE_PHC8418_n_163                       | A ^ -> Y ^  | BUFHX0P8MA10TH  | 0.022 |  16.547 |   22.618 | 
     | saradc0/FE_PHC8411_n_163                       | A ^ -> Y ^  | DLY4X0P5MA10TH  | 0.105 |  16.652 |   22.723 | 
     | saradc0/FE_PHC8412_n_163                       | A ^ -> Y ^  | DLY4X0P5MA10TH  | 0.111 |  16.764 |   22.835 | 
     | saradc0/FE_PHC8410_n_163                       | A ^ -> Y ^  | DLY4X0P5MA10TH  | 0.116 |  16.880 |   22.951 | 
     | saradc0/FE_PHC8413_n_163                       | A ^ -> Y ^  | DLY4X0P5MA10TH  | 0.112 |  16.991 |   23.062 | 
     | saradc0/FE_PHC8407_n_163                       | A ^ -> Y ^  | DLY4X0P5MA10TH  | 0.112 |  17.103 |   23.174 | 
     | saradc0/FE_PHC8414_n_163                       | A ^ -> Y ^  | DLY4X0P5MA10TH  | 0.116 |  17.219 |   23.290 | 
     | saradc0/FE_PHC8415_n_163                       | A ^ -> Y ^  | DLY4X0P5MA10TH  | 0.115 |  17.335 |   23.406 | 
     | saradc0/FE_PHC8409_n_163                       | A ^ -> Y ^  | DLY4X0P5MA10TH  | 0.113 |  17.448 |   23.519 | 
     | saradc0/FE_PHC8408_n_163                       | A ^ -> Y ^  | DLY4X0P5MA10TH  | 0.112 |  17.560 |   23.631 | 
     | saradc0/FE_PHC8406_n_163                       | A ^ -> Y ^  | DLY4X0P5MA10TH  | 0.113 |  17.672 |   23.744 | 
     | saradc0/FE_PHC8401_n_163                       | A ^ -> Y ^  | DLY4X0P5MA10TH  | 0.111 |  17.783 |   23.854 | 
     | saradc0/FE_PHC8403_n_163                       | A ^ -> Y ^  | DLY4X0P5MA10TH  | 0.112 |  17.895 |   23.966 | 
     | saradc0/FE_PHC8400_n_163                       | A ^ -> Y ^  | DLY4X0P5MA10TH  | 0.113 |  18.008 |   24.079 | 
     | saradc0/FE_PHC8395_n_163                       | A ^ -> Y ^  | DLY4X0P5MA10TH  | 0.112 |  18.120 |   24.191 | 
     | saradc0/FE_PHC8402_n_163                       | A ^ -> Y ^  | DLY4X0P5MA10TH  | 0.119 |  18.239 |   24.310 | 
     | saradc0/FE_PHC8397_n_163                       | A ^ -> Y ^  | DLY4X0P5MA10TH  | 0.116 |  18.355 |   24.426 | 
     | saradc0/FE_PHC8398_n_163                       | A ^ -> Y ^  | DLY4X0P5MA10TH  | 0.113 |  18.468 |   24.539 | 
     | saradc0/FE_PHC8396_n_163                       | A ^ -> Y ^  | DLY4X0P5MA10TH  | 0.113 |  18.581 |   24.652 | 
     | saradc0/FE_PHC8399_n_163                       | A ^ -> Y ^  | DLY4X0P5MA10TH  | 0.112 |  18.693 |   24.764 | 
     | saradc0/FE_PHC8391_n_163                       | A ^ -> Y ^  | DLY4X0P5MA10TH  | 0.112 |  18.805 |   24.876 | 
     | saradc0/FE_PHC8389_n_163                       | A ^ -> Y ^  | DLY4X0P5MA10TH  | 0.112 |  18.918 |   24.989 | 
     | saradc0/FE_PHC8388_n_163                       | A ^ -> Y ^  | DLY4X0P5MA10TH  | 0.111 |  19.028 |   25.100 | 
     | saradc0/FE_PHC8386_n_163                       | A ^ -> Y ^  | DLY4X0P5MA10TH  | 0.112 |  19.140 |   25.211 | 
     | saradc0/FE_PHC8385_n_163                       | A ^ -> Y ^  | DLY4X0P5MA10TH  | 0.110 |  19.250 |   25.321 | 
     | saradc0/FE_PHC8383_n_163                       | A ^ -> Y ^  | DLY4X0P5MA10TH  | 0.112 |  19.361 |   25.433 | 
     | saradc0/FE_PHC8382_n_163                       | A ^ -> Y ^  | DLY4X0P5MA10TH  | 0.113 |  19.474 |   25.545 | 
     | saradc0/FE_PHC8384_n_163                       | A ^ -> Y ^  | DLY4X0P5MA10TH  | 0.114 |  19.588 |   25.659 | 
     | saradc0/FE_PHC8380_n_163                       | A ^ -> Y ^  | DLY4X0P5MA10TH  | 0.114 |  19.702 |   25.773 | 
     | saradc0/FE_PHC8375_n_163                       | A ^ -> Y ^  | BUFX1MA10TH     | 0.039 |  19.741 |   25.813 | 
     | saradc0/FE_PHC8376_n_163                       | A ^ -> Y ^  | DLY4X0P5MA10TH  | 0.123 |  19.864 |   25.935 | 
     | saradc0/FE_PHC8366_n_163                       | A ^ -> Y ^  | DLY4X0P5MA10TH  | 0.119 |  19.983 |   26.055 | 
     | saradc0/FE_PHC8371_n_163                       | A ^ -> Y ^  | DLY4X0P5MA10TH  | 0.111 |  20.094 |   26.165 | 
     | saradc0/FE_PHC8369_n_163                       | A ^ -> Y ^  | DLY4X0P5MA10TH  | 0.114 |  20.208 |   26.279 | 
     | saradc0/FE_PHC8367_n_163                       | A ^ -> Y ^  | DLY4X0P5MA10TH  | 0.113 |  20.321 |   26.392 | 
     | saradc0/FE_PHC8370_n_163                       | A ^ -> Y ^  | DLY4X0P5MA10TH  | 0.116 |  20.437 |   26.508 | 
     | saradc0/FE_PHC8368_n_163                       | A ^ -> Y ^  | DLY4X0P5MA10TH  | 0.120 |  20.557 |   26.628 | 
     | saradc0/FE_PHC8373_n_163                       | A ^ -> Y ^  | DLY4X0P5MA10TH  | 0.115 |  20.672 |   26.743 | 
     | saradc0/FE_PHC8365_n_163                       | A ^ -> Y ^  | DLY4X0P5MA10TH  | 0.117 |  20.788 |   26.859 | 
     | saradc0/FE_PHC8372_n_163                       | A ^ -> Y ^  | DLY4X0P5MA10TH  | 0.116 |  20.904 |   26.975 | 
     | saradc0/FE_PHC8357_n_163                       | A ^ -> Y ^  | DLY4X0P5MA10TH  | 0.110 |  21.014 |   27.085 | 
     | saradc0/FE_PHC8359_n_163                       | A ^ -> Y ^  | DLY4X0P5MA10TH  | 0.112 |  21.126 |   27.197 | 
     | saradc0/FE_PHC8363_n_163                       | A ^ -> Y ^  | DLY4X0P5MA10TH  | 0.112 |  21.238 |   27.309 | 
     | saradc0/FE_PHC8360_n_163                       | A ^ -> Y ^  | DLY4X0P5MA10TH  | 0.111 |  21.349 |   27.420 | 
     | saradc0/FE_PHC8358_n_163                       | A ^ -> Y ^  | DLY4X0P5MA10TH  | 0.109 |  21.458 |   27.529 | 
     | saradc0/FE_PHC8374_n_163                       | A ^ -> Y ^  | DLY4X0P5MA10TH  | 0.112 |  21.571 |   27.642 | 
     | saradc0/FE_PHC8362_n_163                       | A ^ -> Y ^  | DLY4X0P5MA10TH  | 0.111 |  21.682 |   27.753 | 
     | saradc0/FE_PHC8356_n_163                       | A ^ -> Y ^  | DLY4X0P5MA10TH  | 0.111 |  21.794 |   27.865 | 
     | saradc0/FE_PHC8353_n_163                       | A ^ -> Y ^  | DLY4X0P5MA10TH  | 0.120 |  21.914 |   27.985 | 
     | saradc0/FE_PHC8350_n_163                       | A ^ -> Y ^  | DLY4X0P5MA10TH  | 0.118 |  22.032 |   28.104 | 
     | saradc0/FE_PHC8351_n_163                       | A ^ -> Y ^  | DLY4X0P5MA10TH  | 0.118 |  22.150 |   28.221 | 
     | saradc0/FE_PHC8352_n_163                       | A ^ -> Y ^  | DLY4X0P5MA10TH  | 0.112 |  22.262 |   28.334 | 
     | saradc0/g2837                                  | B ^         | NAND2X0P5AA10TH | 0.000 |  22.262 |   28.334 | 
     +-------------------------------------------------------------------------------------------------------------+ 

