Gate area 1.2000 um^2
Level 0 Module MCU                                      Gates=    383883 Cells=   29799 Area=  460660.3 um^2
Level 1 Module adddec0                                  Gates=2803       Cells=691      Area=    3364.0 um^2
Level 1 Module afe0                                     Gates=3503       Cells=969      Area=    4204.0 um^2
Level 1 Module core                                     Gates=50528      Cells=14930    Area=   60634.4 um^2
Level 2 Module core/csr_unit_inst                       Gates=2292       Cells=478      Area=    2750.8 um^2
Level 2 Module core/datapath_inst                       Gates=38326      Cells=11187    Area=   45991.6 um^2
Level 2 Module core/irq_handler_inst                    Gates=3785       Cells=1394     Area=    4542.8 um^2
Level 1 Module dco0                                     Gates=1800       Cells=0        Area=    2160.7 um^2
Level 1 Module dco1                                     Gates=1800       Cells=0        Area=    2160.7 um^2
Level 1 Module gpio0                                    Gates=1253       Cells=356      Area=    1504.4 um^2
Level 1 Module gpio1                                    Gates=1222       Cells=348      Area=    1466.8 um^2
Level 1 Module gpio2                                    Gates=1219       Cells=344      Area=    1463.2 um^2
Level 1 Module gpio3                                    Gates=1255       Cells=349      Area=    1506.8 um^2
Level 1 Module i2c0                                     Gates=1774       Cells=486      Area=    2129.2 um^2
Level 1 Module i2c1                                     Gates=1765       Cells=485      Area=    2118.8 um^2
Level 1 Module npu0                                     Gates=11657      Cells=3233     Area=   13988.8 um^2
Level 2 Module npu0/NPU_FPMAC                           Gates=5955       Cells=1672     Area=    7146.4 um^2
Level 2 Module npu0/NPU_FPSIGMOID                       Gates=3341       Cells=997      Area=    4009.6 um^2
Level 1 Module saradc0                                  Gates=1121       Cells=300      Area=    1345.2 um^2
Level 1 Module spi0                                     Gates=5350       Cells=1377     Area=    6420.0 um^2
Level 1 Module spi1                                     Gates=4172       Cells=1080     Area=    5006.4 um^2
Level 1 Module system0                                  Gates=5114       Cells=1201     Area=    6137.6 um^2
Level 1 Module timer0                                   Gates=4721       Cells=1081     Area=    5666.0 um^2
Level 1 Module timer1                                   Gates=4716       Cells=1079     Area=    5659.2 um^2
Level 1 Module uart0                                    Gates=1629       Cells=392      Area=    1955.6 um^2
Level 1 Module uart1                                    Gates=1627       Cells=391      Area=    1952.8 um^2
Level 1 Module ram0                                     Gates=113984     Cells=0        Area=  136781.3 um^2
Level 1 Module ram1                                     Gates=113984     Cells=0        Area=  136781.3 um^2
Level 1 Module rom0                                     Gates=42399      Cells=0        Area=   50879.2 um^2
